[debug] [2021-01-12T19:37:39.215Z] ----------------------------------------------------------------------
[debug] [2021-01-12T19:37:39.217Z] Command:       /usr/local/bin/node /usr/local/bin/firebase emulators:start
[debug] [2021-01-12T19:37:39.217Z] CLI Version:   9.1.2
[debug] [2021-01-12T19:37:39.218Z] Platform:      darwin
[debug] [2021-01-12T19:37:39.218Z] Node Version:  v14.15.1
[debug] [2021-01-12T19:37:39.219Z] Time:          Tue Jan 12 2021 20:37:39 GMT+0100 (Central European Standard Time)
[debug] [2021-01-12T19:37:39.220Z] ----------------------------------------------------------------------
[debug] [2021-01-12T19:37:39.220Z] 
[debug] [2021-01-12T19:37:39.288Z] > command requires scopes: ["email","openid","https://www.googleapis.com/auth/cloudplatformprojects.readonly","https://www.googleapis.com/auth/firebase","https://www.googleapis.com/auth/cloud-platform"]
[debug] [2021-01-12T19:37:39.288Z] > authorizing via signed-in user
[info] i  emulators: Starting emulators: functions, hosting {"metadata":{"emulator":{"name":"hub"},"message":"Starting emulators: functions, hosting"}}
[debug] [2021-01-12T19:37:39.422Z] [hub] writing locator at /var/folders/b3/mbbz17kx1js81tgwfl8654xm0000gn/T/hub-fullclone-74a4e.json
[warn] ⚠  functions: The following emulators are not running, calls to these services from the Functions emulator will affect production: auth, firestore, database, pubsub {"metadata":{"emulator":{"name":"functions"},"message":"The following emulators are not running, calls to these services from the Functions emulator will affect production: \u001b[1mauth, firestore, database, pubsub\u001b[22m"}}
[warn] ⚠  Your requested "node" version "12" doesn't match your global version "14" {"metadata":{"emulator":{"name":"functions"},"message":"Your requested \"node\" version \"12\" doesn't match your global version \"14\""}}
[debug] [2021-01-12T19:37:39.464Z] defaultcredentials: writing to file /Users/Dimitrije/.config/firebase/gadzic_dimitrije97_gmail.com_application_default_credentials.json
[debug] [2021-01-12T19:37:39.468Z] Setting GAC to /Users/Dimitrije/.config/firebase/gadzic_dimitrije97_gmail.com_application_default_credentials.json {"metadata":{"emulator":{"name":"functions"},"message":"Setting GAC to /Users/Dimitrije/.config/firebase/gadzic_dimitrije97_gmail.com_application_default_credentials.json"}}
[debug] [2021-01-12T19:37:39.471Z] > refreshing access token with scopes: []
[debug] [2021-01-12T19:37:39.472Z] >>> HTTP REQUEST POST https://www.googleapis.com/oauth2/v3/token  
 <request body omitted>
[debug] [2021-01-12T19:37:39.643Z] <<< HTTP RESPONSE 200 {"cache-control":"no-cache, no-store, max-age=0, must-revalidate","expires":"Mon, 01 Jan 1990 00:00:00 GMT","pragma":"no-cache","date":"Tue, 12 Jan 2021 19:37:39 GMT","content-type":"application/json; charset=utf-8","vary":"X-Origin, Referer, Origin,Accept-Encoding","server":"scaffolding on HTTPServer2","x-xss-protection":"0","x-frame-options":"SAMEORIGIN","x-content-type-options":"nosniff","alt-svc":"h3-29=\":443\"; ma=2592000,h3-T051=\":443\"; ma=2592000,h3-Q050=\":443\"; ma=2592000,h3-Q046=\":443\"; ma=2592000,h3-Q043=\":443\"; ma=2592000,quic=\":443\"; ma=2592000; v=\"46,43\"","accept-ranges":"none","transfer-encoding":"chunked"}
[debug] [2021-01-12T19:37:39.663Z] >>> [apiv2][query] GET https://firebase.googleapis.com/v1beta1/projects/fullclone-74a4e/adminSdkConfig [none]
[debug] [2021-01-12T19:37:40.099Z] <<< [apiv2][status] GET https://firebase.googleapis.com/v1beta1/projects/fullclone-74a4e/adminSdkConfig 200
[debug] [2021-01-12T19:37:40.100Z] <<< [apiv2][body] GET https://firebase.googleapis.com/v1beta1/projects/fullclone-74a4e/adminSdkConfig {"projectId":"fullclone-74a4e","databaseURL":"https://fullclone-74a4e-default-rtdb.firebaseio.com","storageBucket":"fullclone-74a4e.appspot.com","locationId":"us-central"}
[debug] [2021-01-12T19:37:40.171Z] > refreshing access token with scopes: ["email","https://www.googleapis.com/auth/cloud-platform","https://www.googleapis.com/auth/cloudplatformprojects.readonly","https://www.googleapis.com/auth/firebase","openid"]
[debug] [2021-01-12T19:37:40.172Z] >>> HTTP REQUEST POST https://www.googleapis.com/oauth2/v3/token  
 <request body omitted>
[debug] [2021-01-12T19:37:40.331Z] <<< HTTP RESPONSE 200 {"expires":"Mon, 01 Jan 1990 00:00:00 GMT","date":"Tue, 12 Jan 2021 19:37:40 GMT","pragma":"no-cache","cache-control":"no-cache, no-store, max-age=0, must-revalidate","content-type":"application/json; charset=utf-8","vary":"X-Origin, Referer, Origin,Accept-Encoding","server":"scaffolding on HTTPServer2","x-xss-protection":"0","x-frame-options":"SAMEORIGIN","x-content-type-options":"nosniff","alt-svc":"h3-29=\":443\"; ma=2592000,h3-T051=\":443\"; ma=2592000,h3-Q050=\":443\"; ma=2592000,h3-Q046=\":443\"; ma=2592000,h3-Q043=\":443\"; ma=2592000,quic=\":443\"; ma=2592000; v=\"46,43\"","accept-ranges":"none","transfer-encoding":"chunked"}
[debug] [2021-01-12T19:37:40.348Z] >>> HTTP REQUEST GET https://firebase.googleapis.com/v1beta1/projects/fullclone-74a4e/webApps/-/config  
 
[debug] [2021-01-12T19:37:41.323Z] <<< HTTP RESPONSE 200 {"content-type":"application/json; charset=UTF-8","vary":"X-Origin, Referer, Origin,Accept-Encoding","date":"Tue, 12 Jan 2021 19:37:41 GMT","server":"ESF","cache-control":"private","x-xss-protection":"0","x-frame-options":"SAMEORIGIN","x-content-type-options":"nosniff","alt-svc":"h3-29=\":443\"; ma=2592000,h3-T051=\":443\"; ma=2592000,h3-Q050=\":443\"; ma=2592000,h3-Q046=\":443\"; ma=2592000,h3-Q043=\":443\"; ma=2592000,quic=\":443\"; ma=2592000; v=\"46,43\"","accept-ranges":"none","transfer-encoding":"chunked"}
[info] i  hosting: Serving hosting files from: build {"metadata":{"emulator":{"name":"hosting"},"message":"Serving hosting files from: \u001b[1mbuild\u001b[22m"}}
[info] ✔  hosting: Local server: http://localhost:5000 {"metadata":{"emulator":{"name":"hosting"},"message":"Local server: \u001b[4m\u001b[1mhttp://localhost:5000\u001b[22m\u001b[24m"}}
[debug] [2021-01-12T19:37:41.384Z] Ignoring unsupported arg: auto_download {"metadata":{"emulator":{"name":"ui"},"message":"Ignoring unsupported arg: auto_download"}}
[debug] [2021-01-12T19:37:41.385Z] Ignoring unsupported arg: port {"metadata":{"emulator":{"name":"ui"},"message":"Ignoring unsupported arg: port"}}
[debug] [2021-01-12T19:37:41.386Z] Starting Emulator UI with command {"binary":"node","args":["/Users/Dimitrije/.cache/firebase/emulators/ui-v1.4.1/server.bundle.js"],"optionalArgs":[],"joinArgs":false} {"metadata":{"emulator":{"name":"ui"},"message":"Starting Emulator UI with command {\"binary\":\"node\",\"args\":[\"/Users/Dimitrije/.cache/firebase/emulators/ui-v1.4.1/server.bundle.js\"],\"optionalArgs\":[],\"joinArgs\":false}"}}
[info] i  ui: Emulator UI logging to ui-debug.log {"metadata":{"emulator":{"name":"ui"},"message":"Emulator UI logging to \u001b[1mui-debug.log\u001b[22m"}}
[debug] [2021-01-12T19:37:41.537Z] Web / API server started at http://localhost:4000
 {"metadata":{"emulator":{"name":"ui"},"message":"Web / API server started at http://localhost:4000\n"}}
[info] i  functions: Watching "/Users/Dimitrije/Desktop/FRONTEND/REACT PROJECTS/Full Amazon Clone/amazon-fullclone/functions" for Cloud Functions... {"metadata":{"emulator":{"name":"functions"},"message":"Watching \"/Users/Dimitrije/Desktop/FRONTEND/REACT PROJECTS/Full Amazon Clone/amazon-fullclone/functions\" for Cloud Functions..."}}
[debug] [2021-01-12T19:37:41.701Z] [worker-pool] addWorker(~diagnostic~) {"metadata":{"emulator":{"name":"functions"},"message":"[worker-pool] addWorker(~diagnostic~)"}}
[debug] [2021-01-12T19:37:41.701Z] [worker-pool] Adding worker with key ~diagnostic~, total=1 {"metadata":{"emulator":{"name":"functions"},"message":"[worker-pool] Adding worker with key ~diagnostic~, total=1"}}
[debug] [2021-01-12T19:37:41.701Z] [worker-pool] submitWork(triggerId=) {"metadata":{"emulator":{"name":"functions"},"message":"[worker-pool] submitWork(triggerId=)"}}
[debug] [2021-01-12T19:37:41.702Z] [worker-~diagnostic~-014769ab-2708-436c-9bd7-9c465de4add2]: Assigning socketPath: /var/folders/b3/mbbz17kx1js81tgwfl8654xm0000gn/T/fire_emu_11910.sock {"metadata":{"emulator":{"name":"functions"},"message":"[worker-~diagnostic~-014769ab-2708-436c-9bd7-9c465de4add2]: Assigning socketPath: /var/folders/b3/mbbz17kx1js81tgwfl8654xm0000gn/T/fire_emu_11910.sock"}}
[debug] [2021-01-12T19:37:41.702Z] [worker-~diagnostic~-014769ab-2708-436c-9bd7-9c465de4add2]: BUSY {"metadata":{"emulator":{"name":"functions"},"message":"[worker-~diagnostic~-014769ab-2708-436c-9bd7-9c465de4add2]: BUSY"}}
[debug] [2021-01-12T19:37:41.926Z] [runtime-status] [11910] Functions runtime initialized. {"cwd":"/Users/Dimitrije/Desktop/FRONTEND/REACT PROJECTS/Full Amazon Clone/amazon-fullclone/functions","node_version":"14.15.1"} {"metadata":{"emulator":{"name":"functions"},"message":"[runtime-status] [11910] Functions runtime initialized. {\"cwd\":\"/Users/Dimitrije/Desktop/FRONTEND/REACT PROJECTS/Full Amazon Clone/amazon-fullclone/functions\",\"node_version\":\"14.15.1\"}"}}
[debug] [2021-01-12T19:37:41.927Z] [runtime-status] [11910] Disabled runtime features: undefined {"metadata":{"emulator":{"name":"functions"},"message":"[runtime-status] [11910] Disabled runtime features: undefined"}}
[debug] [2021-01-12T19:37:41.932Z] [runtime-status] [11910] Resolved module firebase-admin {"declared":true,"installed":true,"version":"9.4.2","resolution":"/Users/Dimitrije/Desktop/FRONTEND/REACT PROJECTS/Full Amazon Clone/amazon-fullclone/functions/node_modules/firebase-admin/lib/index.js"} {"metadata":{"emulator":{"name":"functions"},"message":"[runtime-status] [11910] Resolved module firebase-admin {\"declared\":true,\"installed\":true,\"version\":\"9.4.2\",\"resolution\":\"/Users/Dimitrije/Desktop/FRONTEND/REACT PROJECTS/Full Amazon Clone/amazon-fullclone/functions/node_modules/firebase-admin/lib/index.js\"}"}}
[debug] [2021-01-12T19:37:41.935Z] [runtime-status] [11910] Resolved module firebase-functions {"declared":true,"installed":true,"version":"3.13.0","resolution":"/Users/Dimitrije/Desktop/FRONTEND/REACT PROJECTS/Full Amazon Clone/amazon-fullclone/functions/node_modules/firebase-functions/lib/index.js"} {"metadata":{"emulator":{"name":"functions"},"message":"[runtime-status] [11910] Resolved module firebase-functions {\"declared\":true,\"installed\":true,\"version\":\"3.13.0\",\"resolution\":\"/Users/Dimitrije/Desktop/FRONTEND/REACT PROJECTS/Full Amazon Clone/amazon-fullclone/functions/node_modules/firebase-functions/lib/index.js\"}"}}
[debug] [2021-01-12T19:37:41.939Z] [runtime-status] [11910] Resolved module firebase-functions {"declared":true,"installed":true,"version":"3.13.0","resolution":"/Users/Dimitrije/Desktop/FRONTEND/REACT PROJECTS/Full Amazon Clone/amazon-fullclone/functions/node_modules/firebase-functions/lib/index.js"} {"metadata":{"emulator":{"name":"functions"},"message":"[runtime-status] [11910] Resolved module firebase-functions {\"declared\":true,\"installed\":true,\"version\":\"3.13.0\",\"resolution\":\"/Users/Dimitrije/Desktop/FRONTEND/REACT PROJECTS/Full Amazon Clone/amazon-fullclone/functions/node_modules/firebase-functions/lib/index.js\"}"}}
[debug] [2021-01-12T19:37:41.940Z] [runtime-status] [11910] Outgoing network have been stubbed. [{"name":"http","status":"mocked"},{"name":"http","status":"mocked"},{"name":"https","status":"mocked"},{"name":"https","status":"mocked"},{"name":"net","status":"mocked"}] {"metadata":{"emulator":{"name":"functions"},"message":"[runtime-status] [11910] Outgoing network have been stubbed. [{\"name\":\"http\",\"status\":\"mocked\"},{\"name\":\"http\",\"status\":\"mocked\"},{\"name\":\"https\",\"status\":\"mocked\"},{\"name\":\"https\",\"status\":\"mocked\"},{\"name\":\"net\",\"status\":\"mocked\"}]"}}
[debug] [2021-01-12T19:37:41.941Z] [runtime-status] [11910] Resolved module firebase-functions {"declared":true,"installed":true,"version":"3.13.0","resolution":"/Users/Dimitrije/Desktop/FRONTEND/REACT PROJECTS/Full Amazon Clone/amazon-fullclone/functions/node_modules/firebase-functions/lib/index.js"} {"metadata":{"emulator":{"name":"functions"},"message":"[runtime-status] [11910] Resolved module firebase-functions {\"declared\":true,\"installed\":true,\"version\":\"3.13.0\",\"resolution\":\"/Users/Dimitrije/Desktop/FRONTEND/REACT PROJECTS/Full Amazon Clone/amazon-fullclone/functions/node_modules/firebase-functions/lib/index.js\"}"}}
[debug] [2021-01-12T19:37:42.006Z] [runtime-status] [11910] Checked functions.config() {"config":{}} {"metadata":{"emulator":{"name":"functions"},"message":"[runtime-status] [11910] Checked functions.config() {\"config\":{}}"}}
[debug] [2021-01-12T19:37:42.007Z] [runtime-status] [11910] firebase-functions has been stubbed. {"functionsResolution":{"declared":true,"installed":true,"version":"3.13.0","resolution":"/Users/Dimitrije/Desktop/FRONTEND/REACT PROJECTS/Full Amazon Clone/amazon-fullclone/functions/node_modules/firebase-functions/lib/index.js"}} {"metadata":{"emulator":{"name":"functions"},"message":"[runtime-status] [11910] firebase-functions has been stubbed. {\"functionsResolution\":{\"declared\":true,\"installed\":true,\"version\":\"3.13.0\",\"resolution\":\"/Users/Dimitrije/Desktop/FRONTEND/REACT PROJECTS/Full Amazon Clone/amazon-fullclone/functions/node_modules/firebase-functions/lib/index.js\"}}"}}
[debug] [2021-01-12T19:37:42.007Z] [runtime-status] [11910] Resolved module firebase-functions {"declared":true,"installed":true,"version":"3.13.0","resolution":"/Users/Dimitrije/Desktop/FRONTEND/REACT PROJECTS/Full Amazon Clone/amazon-fullclone/functions/node_modules/firebase-functions/lib/index.js"} {"metadata":{"emulator":{"name":"functions"},"message":"[runtime-status] [11910] Resolved module firebase-functions {\"declared\":true,\"installed\":true,\"version\":\"3.13.0\",\"resolution\":\"/Users/Dimitrije/Desktop/FRONTEND/REACT PROJECTS/Full Amazon Clone/amazon-fullclone/functions/node_modules/firebase-functions/lib/index.js\"}"}}
[debug] [2021-01-12T19:37:42.008Z] [runtime-status] [11910] Resolved module firebase-admin {"declared":true,"installed":true,"version":"9.4.2","resolution":"/Users/Dimitrije/Desktop/FRONTEND/REACT PROJECTS/Full Amazon Clone/amazon-fullclone/functions/node_modules/firebase-admin/lib/index.js"} {"metadata":{"emulator":{"name":"functions"},"message":"[runtime-status] [11910] Resolved module firebase-admin {\"declared\":true,\"installed\":true,\"version\":\"9.4.2\",\"resolution\":\"/Users/Dimitrije/Desktop/FRONTEND/REACT PROJECTS/Full Amazon Clone/amazon-fullclone/functions/node_modules/firebase-admin/lib/index.js\"}"}}
[debug] [2021-01-12T19:37:42.009Z] [runtime-status] [11910] Resolved module firebase-functions {"declared":true,"installed":true,"version":"3.13.0","resolution":"/Users/Dimitrije/Desktop/FRONTEND/REACT PROJECTS/Full Amazon Clone/amazon-fullclone/functions/node_modules/firebase-functions/lib/index.js"} {"metadata":{"emulator":{"name":"functions"},"message":"[runtime-status] [11910] Resolved module firebase-functions {\"declared\":true,\"installed\":true,\"version\":\"3.13.0\",\"resolution\":\"/Users/Dimitrije/Desktop/FRONTEND/REACT PROJECTS/Full Amazon Clone/amazon-fullclone/functions/node_modules/firebase-functions/lib/index.js\"}"}}
[debug] [2021-01-12T19:37:42.009Z] [runtime-status] [11910] firebase-admin has been stubbed. {"adminResolution":{"declared":true,"installed":true,"version":"9.4.2","resolution":"/Users/Dimitrije/Desktop/FRONTEND/REACT PROJECTS/Full Amazon Clone/amazon-fullclone/functions/node_modules/firebase-admin/lib/index.js"}} {"metadata":{"emulator":{"name":"functions"},"message":"[runtime-status] [11910] firebase-admin has been stubbed. {\"adminResolution\":{\"declared\":true,\"installed\":true,\"version\":\"9.4.2\",\"resolution\":\"/Users/Dimitrije/Desktop/FRONTEND/REACT PROJECTS/Full Amazon Clone/amazon-fullclone/functions/node_modules/firebase-admin/lib/index.js\"}}"}}
[info] ✔  functions[api]: http function initialized (http://localhost:5001/fullclone-74a4e/us-central1/api). {"metadata":{"emulator":{"name":"functions"},"message":"\u001b[1mhttp\u001b[22m function initialized (http://localhost:5001/fullclone-74a4e/us-central1/api)."}}
[info] 
┌─────────────────────────────────────────────────────────────┐
│ ✔  All emulators ready! It is now safe to connect your app. │
│ i  View Emulator UI at http://localhost:4000                │
└─────────────────────────────────────────────────────────────┘

┌───────────┬────────────────┬─────────────────────────────────┐
│ Emulator  │ Host:Port      │ View in Emulator UI             │
├───────────┼────────────────┼─────────────────────────────────┤
│ Functions │ localhost:5001 │ http://localhost:4000/functions │
├───────────┼────────────────┼─────────────────────────────────┤
│ Hosting   │ localhost:5000 │ n/a                             │
└───────────┴────────────────┴─────────────────────────────────┘
  Emulator Hub running at localhost:4400
  Other reserved ports: 4500

Issues? Report them at https://github.com/firebase/firebase-tools/issues and attach the *-debug.log files.
 
[debug] [2021-01-12T19:37:43.068Z] [worker-~diagnostic~-014769ab-2708-436c-9bd7-9c465de4add2]: IDLE {"metadata":{"emulator":{"name":"functions"},"message":"[worker-~diagnostic~-014769ab-2708-436c-9bd7-9c465de4add2]: IDLE"}}
[debug] [2021-01-12T19:37:51.715Z] [work-queue] {"queueLength":1,"workRunningCount":0}
[debug] [2021-01-12T19:37:51.716Z] [work-queue] {"queueLength":0,"workRunningCount":1}
[debug] [2021-01-12T19:37:51.716Z] Accepted request POST /fullclone-74a4e/us-central1/api/payments/create?total=2999 --> api
[debug] [2021-01-12T19:37:51.725Z] [worker-pool] addWorker(api) {"metadata":{"emulator":{"name":"functions"},"message":"[worker-pool] addWorker(api)"}}
[debug] [2021-01-12T19:37:51.725Z] [worker-pool] Adding worker with key api, total=1 {"metadata":{"emulator":{"name":"functions"},"message":"[worker-pool] Adding worker with key api, total=1"}}
[debug] [2021-01-12T19:37:51.725Z] [worker-pool] submitWork(triggerId=api) {"metadata":{"emulator":{"name":"functions"},"message":"[worker-pool] submitWork(triggerId=api)"}}
[debug] [2021-01-12T19:37:51.725Z] [worker-api-99fcfb74-aacc-4fe0-b343-7f492955ff0f]: Assigning socketPath: /var/folders/b3/mbbz17kx1js81tgwfl8654xm0000gn/T/fire_emu_11912.sock {"metadata":{"emulator":{"name":"functions"},"message":"[worker-api-99fcfb74-aacc-4fe0-b343-7f492955ff0f]: Assigning socketPath: /var/folders/b3/mbbz17kx1js81tgwfl8654xm0000gn/T/fire_emu_11912.sock"}}
[debug] [2021-01-12T19:37:51.725Z] [worker-api-99fcfb74-aacc-4fe0-b343-7f492955ff0f]: BUSY {"metadata":{"emulator":{"name":"functions"},"message":"[worker-api-99fcfb74-aacc-4fe0-b343-7f492955ff0f]: BUSY"}}
[debug] [2021-01-12T19:37:52.305Z] [runtime-status] [11912] Functions runtime initialized. {"cwd":"/Users/Dimitrije/Desktop/FRONTEND/REACT PROJECTS/Full Amazon Clone/amazon-fullclone/functions","node_version":"14.15.1"} {"metadata":{"emulator":{"name":"functions"},"function":{"name":"api"},"message":"[runtime-status] [11912] Functions runtime initialized. {\"cwd\":\"/Users/Dimitrije/Desktop/FRONTEND/REACT PROJECTS/Full Amazon Clone/amazon-fullclone/functions\",\"node_version\":\"14.15.1\"}"}}
[debug] [2021-01-12T19:37:52.307Z] [runtime-status] [11912] Disabled runtime features: undefined {"metadata":{"emulator":{"name":"functions"},"function":{"name":"api"},"message":"[runtime-status] [11912] Disabled runtime features: undefined"}}
[debug] [2021-01-12T19:37:52.311Z] [runtime-status] [11912] Resolved module firebase-admin {"declared":true,"installed":true,"version":"9.4.2","resolution":"/Users/Dimitrije/Desktop/FRONTEND/REACT PROJECTS/Full Amazon Clone/amazon-fullclone/functions/node_modules/firebase-admin/lib/index.js"} {"metadata":{"emulator":{"name":"functions"},"function":{"name":"api"},"message":"[runtime-status] [11912] Resolved module firebase-admin {\"declared\":true,\"installed\":true,\"version\":\"9.4.2\",\"resolution\":\"/Users/Dimitrije/Desktop/FRONTEND/REACT PROJECTS/Full Amazon Clone/amazon-fullclone/functions/node_modules/firebase-admin/lib/index.js\"}"}}
[debug] [2021-01-12T19:37:52.314Z] [runtime-status] [11912] Resolved module firebase-functions {"declared":true,"installed":true,"version":"3.13.0","resolution":"/Users/Dimitrije/Desktop/FRONTEND/REACT PROJECTS/Full Amazon Clone/amazon-fullclone/functions/node_modules/firebase-functions/lib/index.js"} {"metadata":{"emulator":{"name":"functions"},"function":{"name":"api"},"message":"[runtime-status] [11912] Resolved module firebase-functions {\"declared\":true,\"installed\":true,\"version\":\"3.13.0\",\"resolution\":\"/Users/Dimitrije/Desktop/FRONTEND/REACT PROJECTS/Full Amazon Clone/amazon-fullclone/functions/node_modules/firebase-functions/lib/index.js\"}"}}
[debug] [2021-01-12T19:37:52.317Z] [runtime-status] [11912] Resolved module firebase-functions {"declared":true,"installed":true,"version":"3.13.0","resolution":"/Users/Dimitrije/Desktop/FRONTEND/REACT PROJECTS/Full Amazon Clone/amazon-fullclone/functions/node_modules/firebase-functions/lib/index.js"} {"metadata":{"emulator":{"name":"functions"},"function":{"name":"api"},"message":"[runtime-status] [11912] Resolved module firebase-functions {\"declared\":true,\"installed\":true,\"version\":\"3.13.0\",\"resolution\":\"/Users/Dimitrije/Desktop/FRONTEND/REACT PROJECTS/Full Amazon Clone/amazon-fullclone/functions/node_modules/firebase-functions/lib/index.js\"}"}}
[debug] [2021-01-12T19:37:52.319Z] [runtime-status] [11912] Outgoing network have been stubbed. [{"name":"http","status":"mocked"},{"name":"http","status":"mocked"},{"name":"https","status":"mocked"},{"name":"https","status":"mocked"},{"name":"net","status":"mocked"}] {"metadata":{"emulator":{"name":"functions"},"function":{"name":"api"},"message":"[runtime-status] [11912] Outgoing network have been stubbed. [{\"name\":\"http\",\"status\":\"mocked\"},{\"name\":\"http\",\"status\":\"mocked\"},{\"name\":\"https\",\"status\":\"mocked\"},{\"name\":\"https\",\"status\":\"mocked\"},{\"name\":\"net\",\"status\":\"mocked\"}]"}}
[debug] [2021-01-12T19:37:52.321Z] [runtime-status] [11912] Resolved module firebase-functions {"declared":true,"installed":true,"version":"3.13.0","resolution":"/Users/Dimitrije/Desktop/FRONTEND/REACT PROJECTS/Full Amazon Clone/amazon-fullclone/functions/node_modules/firebase-functions/lib/index.js"} {"metadata":{"emulator":{"name":"functions"},"function":{"name":"api"},"message":"[runtime-status] [11912] Resolved module firebase-functions {\"declared\":true,\"installed\":true,\"version\":\"3.13.0\",\"resolution\":\"/Users/Dimitrije/Desktop/FRONTEND/REACT PROJECTS/Full Amazon Clone/amazon-fullclone/functions/node_modules/firebase-functions/lib/index.js\"}"}}
[debug] [2021-01-12T19:37:52.512Z] [runtime-status] [11912] Checked functions.config() {"config":{}} {"metadata":{"emulator":{"name":"functions"},"function":{"name":"api"},"message":"[runtime-status] [11912] Checked functions.config() {\"config\":{}}"}}
[debug] [2021-01-12T19:37:52.513Z] [runtime-status] [11912] firebase-functions has been stubbed. {"functionsResolution":{"declared":true,"installed":true,"version":"3.13.0","resolution":"/Users/Dimitrije/Desktop/FRONTEND/REACT PROJECTS/Full Amazon Clone/amazon-fullclone/functions/node_modules/firebase-functions/lib/index.js"}} {"metadata":{"emulator":{"name":"functions"},"function":{"name":"api"},"message":"[runtime-status] [11912] firebase-functions has been stubbed. {\"functionsResolution\":{\"declared\":true,\"installed\":true,\"version\":\"3.13.0\",\"resolution\":\"/Users/Dimitrije/Desktop/FRONTEND/REACT PROJECTS/Full Amazon Clone/amazon-fullclone/functions/node_modules/firebase-functions/lib/index.js\"}}"}}
[debug] [2021-01-12T19:37:52.514Z] [runtime-status] [11912] Resolved module firebase-functions {"declared":true,"installed":true,"version":"3.13.0","resolution":"/Users/Dimitrije/Desktop/FRONTEND/REACT PROJECTS/Full Amazon Clone/amazon-fullclone/functions/node_modules/firebase-functions/lib/index.js"} {"metadata":{"emulator":{"name":"functions"},"function":{"name":"api"},"message":"[runtime-status] [11912] Resolved module firebase-functions {\"declared\":true,\"installed\":true,\"version\":\"3.13.0\",\"resolution\":\"/Users/Dimitrije/Desktop/FRONTEND/REACT PROJECTS/Full Amazon Clone/amazon-fullclone/functions/node_modules/firebase-functions/lib/index.js\"}"}}
[debug] [2021-01-12T19:37:52.515Z] [runtime-status] [11912] Resolved module firebase-admin {"declared":true,"installed":true,"version":"9.4.2","resolution":"/Users/Dimitrije/Desktop/FRONTEND/REACT PROJECTS/Full Amazon Clone/amazon-fullclone/functions/node_modules/firebase-admin/lib/index.js"} {"metadata":{"emulator":{"name":"functions"},"function":{"name":"api"},"message":"[runtime-status] [11912] Resolved module firebase-admin {\"declared\":true,\"installed\":true,\"version\":\"9.4.2\",\"resolution\":\"/Users/Dimitrije/Desktop/FRONTEND/REACT PROJECTS/Full Amazon Clone/amazon-fullclone/functions/node_modules/firebase-admin/lib/index.js\"}"}}
[debug] [2021-01-12T19:37:52.516Z] [runtime-status] [11912] Resolved module firebase-functions {"declared":true,"installed":true,"version":"3.13.0","resolution":"/Users/Dimitrije/Desktop/FRONTEND/REACT PROJECTS/Full Amazon Clone/amazon-fullclone/functions/node_modules/firebase-functions/lib/index.js"} {"metadata":{"emulator":{"name":"functions"},"function":{"name":"api"},"message":"[runtime-status] [11912] Resolved module firebase-functions {\"declared\":true,\"installed\":true,\"version\":\"3.13.0\",\"resolution\":\"/Users/Dimitrije/Desktop/FRONTEND/REACT PROJECTS/Full Amazon Clone/amazon-fullclone/functions/node_modules/firebase-functions/lib/index.js\"}"}}
[debug] [2021-01-12T19:37:52.517Z] [runtime-status] [11912] firebase-admin has been stubbed. {"adminResolution":{"declared":true,"installed":true,"version":"9.4.2","resolution":"/Users/Dimitrije/Desktop/FRONTEND/REACT PROJECTS/Full Amazon Clone/amazon-fullclone/functions/node_modules/firebase-admin/lib/index.js"}} {"metadata":{"emulator":{"name":"functions"},"function":{"name":"api"},"message":"[runtime-status] [11912] firebase-admin has been stubbed. {\"adminResolution\":{\"declared\":true,\"installed\":true,\"version\":\"9.4.2\",\"resolution\":\"/Users/Dimitrije/Desktop/FRONTEND/REACT PROJECTS/Full Amazon Clone/amazon-fullclone/functions/node_modules/firebase-admin/lib/index.js\"}}"}}
[debug] [2021-01-12T19:37:54.200Z] [runtime-status] [11912] Trigger "api" has been found, beginning invocation! {"metadata":{"emulator":{"name":"functions"},"function":{"name":"api"},"message":"[runtime-status] [11912] Trigger \"api\" has been found, beginning invocation!"}}
[info] i  functions: Beginning execution of "api" {"metadata":{"emulator":{"name":"functions"},"function":{"name":"api"},"message":"Beginning execution of \"api\""}}
[debug] [2021-01-12T19:37:54.201Z] [runtime-status] [11912] triggerDefinition {"httpsTrigger":{},"name":"api","entryPoint":"api"} {"metadata":{"emulator":{"name":"functions"},"function":{"name":"api"},"message":"[runtime-status] [11912] triggerDefinition {\"httpsTrigger\":{},\"name\":\"api\",\"entryPoint\":\"api\"}"}}
[debug] [2021-01-12T19:37:54.201Z] [runtime-status] [11912] Running api in mode HTTPS {"metadata":{"emulator":{"name":"functions"},"function":{"name":"api"},"message":"[runtime-status] [11912] Running api in mode HTTPS"}}
[debug] [2021-01-12T19:37:54.206Z] [runtime-status] [11912] Attempting to listen to socketPath: /var/folders/b3/mbbz17kx1js81tgwfl8654xm0000gn/T/fire_emu_11912.sock {"metadata":{"emulator":{"name":"functions"},"function":{"name":"api"},"message":"[runtime-status] [11912] Attempting to listen to socketPath: /var/folders/b3/mbbz17kx1js81tgwfl8654xm0000gn/T/fire_emu_11912.sock"}}
[debug] [2021-01-12T19:37:54.210Z] [functions] Runtime ready! Sending request! {"metadata":{"emulator":{"name":"functions"},"message":"[functions] Runtime ready! Sending request!"}}
[debug] [2021-01-12T19:37:54.222Z] [runtime-status] [11912] Ephemeral server handling POST request {"metadata":{"emulator":{"name":"functions"},"function":{"name":"api"},"message":"[runtime-status] [11912] Ephemeral server handling POST request"}}
[info] >  Payment Request Recived: 2999 {"user":"Payment Request Recived: 2999","metadata":{"emulator":{"name":"functions"},"function":{"name":"api"},"message":"\u001b[90m> \u001b[39m Payment Request Recived: 2999"}}
[debug] [2021-01-12T19:37:54.335Z] [runtime-status] [11912] Ephemeral server survived. {"metadata":{"emulator":{"name":"functions"},"function":{"name":"api"},"message":"[runtime-status] [11912] Ephemeral server survived."}}
[info] i  functions: Finished "api" in ~1s {"metadata":{"emulator":{"name":"functions"},"function":{"name":"api"},"message":"Finished \"api\" in ~1s"}}
[debug] [2021-01-12T19:37:54.988Z] [worker-api-99fcfb74-aacc-4fe0-b343-7f492955ff0f]: IDLE {"metadata":{"emulator":{"name":"functions"},"message":"[worker-api-99fcfb74-aacc-4fe0-b343-7f492955ff0f]: IDLE"}}
[debug] [2021-01-12T19:37:54.988Z] [work-queue] {"queueLength":0,"workRunningCount":0}
[debug] [2021-01-12T19:37:58.860Z] [work-queue] {"queueLength":1,"workRunningCount":0}
[debug] [2021-01-12T19:37:58.860Z] [work-queue] {"queueLength":0,"workRunningCount":1}
[debug] [2021-01-12T19:37:58.861Z] Accepted request POST /fullclone-74a4e/us-central1/api/payments/create?total=0 --> api
[debug] [2021-01-12T19:37:58.861Z] [worker-pool] submitWork(triggerId=api) {"metadata":{"emulator":{"name":"functions"},"message":"[worker-pool] submitWork(triggerId=api)"}}
[debug] [2021-01-12T19:37:58.861Z] [worker-api-99fcfb74-aacc-4fe0-b343-7f492955ff0f]: Assigning socketPath: /var/folders/b3/mbbz17kx1js81tgwfl8654xm0000gn/T/fire_emu_11912.sock {"metadata":{"emulator":{"name":"functions"},"message":"[worker-api-99fcfb74-aacc-4fe0-b343-7f492955ff0f]: Assigning socketPath: /var/folders/b3/mbbz17kx1js81tgwfl8654xm0000gn/T/fire_emu_11912.sock"}}
[debug] [2021-01-12T19:37:58.861Z] [worker-api-99fcfb74-aacc-4fe0-b343-7f492955ff0f]: BUSY {"metadata":{"emulator":{"name":"functions"},"message":"[worker-api-99fcfb74-aacc-4fe0-b343-7f492955ff0f]: BUSY"}}
[debug] [2021-01-12T19:37:58.863Z] [runtime-status] [11912] Trigger "api" has been found, beginning invocation! {"metadata":{"emulator":{"name":"functions"},"function":{"name":"api"},"message":"[runtime-status] [11912] Trigger \"api\" has been found, beginning invocation!"}}
[info] i  functions: Beginning execution of "api" {"metadata":{"emulator":{"name":"functions"},"function":{"name":"api"},"message":"Beginning execution of \"api\""}}
[debug] [2021-01-12T19:37:58.864Z] [runtime-status] [11912] triggerDefinition {"httpsTrigger":{},"name":"api","entryPoint":"api"} {"metadata":{"emulator":{"name":"functions"},"function":{"name":"api"},"message":"[runtime-status] [11912] triggerDefinition {\"httpsTrigger\":{},\"name\":\"api\",\"entryPoint\":\"api\"}"}}
[debug] [2021-01-12T19:37:58.864Z] [runtime-status] [11912] Running api in mode HTTPS {"metadata":{"emulator":{"name":"functions"},"function":{"name":"api"},"message":"[runtime-status] [11912] Running api in mode HTTPS"}}
[debug] [2021-01-12T19:37:58.864Z] [runtime-status] [11912] Attempting to listen to socketPath: /var/folders/b3/mbbz17kx1js81tgwfl8654xm0000gn/T/fire_emu_11912.sock {"metadata":{"emulator":{"name":"functions"},"function":{"name":"api"},"message":"[runtime-status] [11912] Attempting to listen to socketPath: /var/folders/b3/mbbz17kx1js81tgwfl8654xm0000gn/T/fire_emu_11912.sock"}}
[debug] [2021-01-12T19:37:58.865Z] [functions] Runtime ready! Sending request! {"metadata":{"emulator":{"name":"functions"},"message":"[functions] Runtime ready! Sending request!"}}
[debug] [2021-01-12T19:37:58.869Z] [runtime-status] [11912] Ephemeral server handling POST request {"metadata":{"emulator":{"name":"functions"},"function":{"name":"api"},"message":"[runtime-status] [11912] Ephemeral server handling POST request"}}
[info] >  Payment Request Recived: 0 {"user":"Payment Request Recived: 0","metadata":{"emulator":{"name":"functions"},"function":{"name":"api"},"message":"\u001b[90m> \u001b[39m Payment Request Recived: 0"}}
[debug] [2021-01-12T19:37:58.871Z] [runtime-status] [11912] Ephemeral server survived. {"metadata":{"emulator":{"name":"functions"},"function":{"name":"api"},"message":"[runtime-status] [11912] Ephemeral server survived."}}
[info] >  (node:11912) UnhandledPromiseRejectionWarning: Error: This value must be greater than or equal to 1. {"user":"(node:11912) UnhandledPromiseRejectionWarning: Error: This value must be greater than or equal to 1.","metadata":{"emulator":{"name":"functions"},"function":{"name":"api"},"message":"\u001b[90m> \u001b[39m (node:11912) UnhandledPromiseRejectionWarning: Error: This value must be greater than or equal to 1."}}
[info] >      at Function.generate (/Users/Dimitrije/Desktop/FRONTEND/REACT PROJECTS/Full Amazon Clone/amazon-fullclone/functions/node_modules/stripe/lib/Error.js:40:16) {"user":"    at Function.generate (/Users/Dimitrije/Desktop/FRONTEND/REACT PROJECTS/Full Amazon Clone/amazon-fullclone/functions/node_modules/stripe/lib/Error.js:40:16)","metadata":{"emulator":{"name":"functions"},"function":{"name":"api"},"message":"\u001b[90m> \u001b[39m     at Function.generate (/Users/Dimitrije/Desktop/FRONTEND/REACT PROJECTS/Full Amazon Clone/amazon-fullclone/functions/node_modules/stripe/lib/Error.js:40:16)"}}
[info] >      at IncomingMessage.<anonymous> (/Users/Dimitrije/Desktop/FRONTEND/REACT PROJECTS/Full Amazon Clone/amazon-fullclone/functions/node_modules/stripe/lib/StripeResource.js:190:33) {"user":"    at IncomingMessage.<anonymous> (/Users/Dimitrije/Desktop/FRONTEND/REACT PROJECTS/Full Amazon Clone/amazon-fullclone/functions/node_modules/stripe/lib/StripeResource.js:190:33)","metadata":{"emulator":{"name":"functions"},"function":{"name":"api"},"message":"\u001b[90m> \u001b[39m     at IncomingMessage.<anonymous> (/Users/Dimitrije/Desktop/FRONTEND/REACT PROJECTS/Full Amazon Clone/amazon-fullclone/functions/node_modules/stripe/lib/StripeResource.js:190:33)"}}
[info] >      at Object.onceWrapper (events.js:421:28) {"user":"    at Object.onceWrapper (events.js:421:28)","metadata":{"emulator":{"name":"functions"},"function":{"name":"api"},"message":"\u001b[90m> \u001b[39m     at Object.onceWrapper (events.js:421:28)"}}
[info] >      at IncomingMessage.emit (events.js:327:22) {"user":"    at IncomingMessage.emit (events.js:327:22)","metadata":{"emulator":{"name":"functions"},"function":{"name":"api"},"message":"\u001b[90m> \u001b[39m     at IncomingMessage.emit (events.js:327:22)"}}
[info] >      at endReadableNT (_stream_readable.js:1327:12) {"user":"    at endReadableNT (_stream_readable.js:1327:12)","metadata":{"emulator":{"name":"functions"},"function":{"name":"api"},"message":"\u001b[90m> \u001b[39m     at endReadableNT (_stream_readable.js:1327:12)"}}
[info] >      at processTicksAndRejections (internal/process/task_queues.js:80:21) {"user":"    at processTicksAndRejections (internal/process/task_queues.js:80:21)","metadata":{"emulator":{"name":"functions"},"function":{"name":"api"},"message":"\u001b[90m> \u001b[39m     at processTicksAndRejections (internal/process/task_queues.js:80:21)"}}
[info] >  (Use `node --trace-warnings ...` to show where the warning was created) {"user":"(Use `node --trace-warnings ...` to show where the warning was created)","metadata":{"emulator":{"name":"functions"},"function":{"name":"api"},"message":"\u001b[90m> \u001b[39m (Use `node --trace-warnings ...` to show where the warning was created)"}}
[info] >  (node:11912) UnhandledPromiseRejectionWarning: Unhandled promise rejection. This error originated either by throwing inside of an async function without a catch block, or by rejecting a promise which was not handled with .catch(). To terminate the node process on unhandled promise rejection, use the CLI flag `--unhandled-rejections=strict` (see https://nodejs.org/api/cli.html#cli_unhandled_rejections_mode). (rejection id: 1) {"user":"(node:11912) UnhandledPromiseRejectionWarning: Unhandled promise rejection. This error originated either by throwing inside of an async function without a catch block, or by rejecting a promise which was not handled with .catch(). To terminate the node process on unhandled promise rejection, use the CLI flag `--unhandled-rejections=strict` (see https://nodejs.org/api/cli.html#cli_unhandled_rejections_mode). (rejection id: 1)","metadata":{"emulator":{"name":"functions"},"function":{"name":"api"},"message":"\u001b[90m> \u001b[39m (node:11912) UnhandledPromiseRejectionWarning: Unhandled promise rejection. This error originated either by throwing inside of an async function without a catch block, or by rejecting a promise which was not handled with .catch(). To terminate the node process on unhandled promise rejection, use the CLI flag `--unhandled-rejections=strict` (see https://nodejs.org/api/cli.html#cli_unhandled_rejections_mode). (rejection id: 1)"}}
[info] >  (node:11912) [DEP0018] DeprecationWarning: Unhandled promise rejections are deprecated. In the future, promise rejections that are not handled will terminate the Node.js process with a non-zero exit code. {"user":"(node:11912) [DEP0018] DeprecationWarning: Unhandled promise rejections are deprecated. In the future, promise rejections that are not handled will terminate the Node.js process with a non-zero exit code.","metadata":{"emulator":{"name":"functions"},"function":{"name":"api"},"message":"\u001b[90m> \u001b[39m (node:11912) [DEP0018] DeprecationWarning: Unhandled promise rejections are deprecated. In the future, promise rejections that are not handled will terminate the Node.js process with a non-zero exit code."}}
[warn] ⚠  functions: Your function timed out after ~60s. To configure this timeout, see
      https://firebase.google.com/docs/functions/manage-functions#set_timeout_and_memory_allocation. {"metadata":{"emulator":{"name":"functions"},"function":{"name":"api"},"message":"Your function timed out after ~60s. To configure this timeout, see\n      https://firebase.google.com/docs/functions/manage-functions#set_timeout_and_memory_allocation."}}
[info] >  /usr/local/lib/node_modules/firebase-tools/lib/emulator/functionsEmulatorRuntime.js:641 {"user":"/usr/local/lib/node_modules/firebase-tools/lib/emulator/functionsEmulatorRuntime.js:641","metadata":{"emulator":{"name":"functions"},"function":{"name":"api"},"message":"\u001b[90m> \u001b[39m /usr/local/lib/node_modules/firebase-tools/lib/emulator/functionsEmulatorRuntime.js:641"}}
[info] >              throw new Error("Function timed out."); {"user":"            throw new Error(\"Function timed out.\");","metadata":{"emulator":{"name":"functions"},"function":{"name":"api"},"message":"\u001b[90m> \u001b[39m             throw new Error(\"Function timed out.\");"}}
[info] >              ^ {"user":"            ^","metadata":{"emulator":{"name":"functions"},"function":{"name":"api"},"message":"\u001b[90m> \u001b[39m             ^"}}
[info] >   {"user":"","metadata":{"emulator":{"name":"functions"},"function":{"name":"api"},"message":"\u001b[90m> \u001b[39m "}}
[info] >  Error: Function timed out. {"user":"Error: Function timed out.","metadata":{"emulator":{"name":"functions"},"function":{"name":"api"},"message":"\u001b[90m> \u001b[39m Error: Function timed out."}}
[info] >      at Timeout._onTimeout (/usr/local/lib/node_modules/firebase-tools/lib/emulator/functionsEmulatorRuntime.js:641:19) {"user":"    at Timeout._onTimeout (/usr/local/lib/node_modules/firebase-tools/lib/emulator/functionsEmulatorRuntime.js:641:19)","metadata":{"emulator":{"name":"functions"},"function":{"name":"api"},"message":"\u001b[90m> \u001b[39m     at Timeout._onTimeout (/usr/local/lib/node_modules/firebase-tools/lib/emulator/functionsEmulatorRuntime.js:641:19)"}}
[info] >      at listOnTimeout (internal/timers.js:554:17) {"user":"    at listOnTimeout (internal/timers.js:554:17)","metadata":{"emulator":{"name":"functions"},"function":{"name":"api"},"message":"\u001b[90m> \u001b[39m     at listOnTimeout (internal/timers.js:554:17)"}}
[info] >      at processTimers (internal/timers.js:497:7) {"user":"    at processTimers (internal/timers.js:497:7)","metadata":{"emulator":{"name":"functions"},"function":{"name":"api"},"message":"\u001b[90m> \u001b[39m     at processTimers (internal/timers.js:497:7)"}}
[debug] [2021-01-12T19:38:58.885Z] [worker-api-99fcfb74-aacc-4fe0-b343-7f492955ff0f]: exited {"metadata":{"emulator":{"name":"functions"},"message":"[worker-api-99fcfb74-aacc-4fe0-b343-7f492955ff0f]: exited"}}
[debug] [2021-01-12T19:38:58.885Z] [worker-api-99fcfb74-aacc-4fe0-b343-7f492955ff0f]: FINISHED {"metadata":{"emulator":{"name":"functions"},"message":"[worker-api-99fcfb74-aacc-4fe0-b343-7f492955ff0f]: FINISHED"}}
[debug] [2021-01-12T19:38:58.886Z] [work-queue] {"queueLength":0,"workRunningCount":0}
[debug] [2021-01-12T20:20:02.827Z] [work-queue] {"queueLength":1,"workRunningCount":0}
[debug] [2021-01-12T20:20:02.827Z] [work-queue] {"queueLength":0,"workRunningCount":1}
[debug] [2021-01-12T20:20:02.828Z] Accepted request POST /fullclone-74a4e/us-central1/api/payments/create?total=11996 --> api
[debug] [2021-01-12T20:20:02.828Z] [worker-pool] Cleaned up workers for api: 1 --> 0 {"metadata":{"emulator":{"name":"functions"},"message":"[worker-pool] Cleaned up workers for api: 1 --> 0"}}
[debug] [2021-01-12T20:20:02.833Z] [worker-pool] addWorker(api) {"metadata":{"emulator":{"name":"functions"},"message":"[worker-pool] addWorker(api)"}}
[debug] [2021-01-12T20:20:02.833Z] [worker-pool] Adding worker with key api, total=1 {"metadata":{"emulator":{"name":"functions"},"message":"[worker-pool] Adding worker with key api, total=1"}}
[debug] [2021-01-12T20:20:02.834Z] [worker-pool] submitWork(triggerId=api) {"metadata":{"emulator":{"name":"functions"},"message":"[worker-pool] submitWork(triggerId=api)"}}
[debug] [2021-01-12T20:20:02.834Z] [worker-api-100f0418-acdf-4fb2-83f1-9682cb482bf2]: Assigning socketPath: /var/folders/b3/mbbz17kx1js81tgwfl8654xm0000gn/T/fire_emu_12026.sock {"metadata":{"emulator":{"name":"functions"},"message":"[worker-api-100f0418-acdf-4fb2-83f1-9682cb482bf2]: Assigning socketPath: /var/folders/b3/mbbz17kx1js81tgwfl8654xm0000gn/T/fire_emu_12026.sock"}}
[debug] [2021-01-12T20:20:02.834Z] [worker-api-100f0418-acdf-4fb2-83f1-9682cb482bf2]: BUSY {"metadata":{"emulator":{"name":"functions"},"message":"[worker-api-100f0418-acdf-4fb2-83f1-9682cb482bf2]: BUSY"}}
[debug] [2021-01-12T20:20:03.131Z] [runtime-status] [12026] Functions runtime initialized. {"cwd":"/Users/Dimitrije/Desktop/FRONTEND/REACT PROJECTS/Full Amazon Clone/amazon-fullclone/functions","node_version":"14.15.1"} {"metadata":{"emulator":{"name":"functions"},"function":{"name":"api"},"message":"[runtime-status] [12026] Functions runtime initialized. {\"cwd\":\"/Users/Dimitrije/Desktop/FRONTEND/REACT PROJECTS/Full Amazon Clone/amazon-fullclone/functions\",\"node_version\":\"14.15.1\"}"}}
[debug] [2021-01-12T20:20:03.133Z] [runtime-status] [12026] Disabled runtime features: undefined {"metadata":{"emulator":{"name":"functions"},"function":{"name":"api"},"message":"[runtime-status] [12026] Disabled runtime features: undefined"}}
[debug] [2021-01-12T20:20:03.137Z] [runtime-status] [12026] Resolved module firebase-admin {"declared":true,"installed":true,"version":"9.4.2","resolution":"/Users/Dimitrije/Desktop/FRONTEND/REACT PROJECTS/Full Amazon Clone/amazon-fullclone/functions/node_modules/firebase-admin/lib/index.js"} {"metadata":{"emulator":{"name":"functions"},"function":{"name":"api"},"message":"[runtime-status] [12026] Resolved module firebase-admin {\"declared\":true,\"installed\":true,\"version\":\"9.4.2\",\"resolution\":\"/Users/Dimitrije/Desktop/FRONTEND/REACT PROJECTS/Full Amazon Clone/amazon-fullclone/functions/node_modules/firebase-admin/lib/index.js\"}"}}
[debug] [2021-01-12T20:20:03.140Z] [runtime-status] [12026] Resolved module firebase-functions {"declared":true,"installed":true,"version":"3.13.0","resolution":"/Users/Dimitrije/Desktop/FRONTEND/REACT PROJECTS/Full Amazon Clone/amazon-fullclone/functions/node_modules/firebase-functions/lib/index.js"} {"metadata":{"emulator":{"name":"functions"},"function":{"name":"api"},"message":"[runtime-status] [12026] Resolved module firebase-functions {\"declared\":true,\"installed\":true,\"version\":\"3.13.0\",\"resolution\":\"/Users/Dimitrije/Desktop/FRONTEND/REACT PROJECTS/Full Amazon Clone/amazon-fullclone/functions/node_modules/firebase-functions/lib/index.js\"}"}}
[debug] [2021-01-12T20:20:03.143Z] [runtime-status] [12026] Resolved module firebase-functions {"declared":true,"installed":true,"version":"3.13.0","resolution":"/Users/Dimitrije/Desktop/FRONTEND/REACT PROJECTS/Full Amazon Clone/amazon-fullclone/functions/node_modules/firebase-functions/lib/index.js"} {"metadata":{"emulator":{"name":"functions"},"function":{"name":"api"},"message":"[runtime-status] [12026] Resolved module firebase-functions {\"declared\":true,\"installed\":true,\"version\":\"3.13.0\",\"resolution\":\"/Users/Dimitrije/Desktop/FRONTEND/REACT PROJECTS/Full Amazon Clone/amazon-fullclone/functions/node_modules/firebase-functions/lib/index.js\"}"}}
[debug] [2021-01-12T20:20:03.145Z] [runtime-status] [12026] Outgoing network have been stubbed. [{"name":"http","status":"mocked"},{"name":"http","status":"mocked"},{"name":"https","status":"mocked"},{"name":"https","status":"mocked"},{"name":"net","status":"mocked"}] {"metadata":{"emulator":{"name":"functions"},"function":{"name":"api"},"message":"[runtime-status] [12026] Outgoing network have been stubbed. [{\"name\":\"http\",\"status\":\"mocked\"},{\"name\":\"http\",\"status\":\"mocked\"},{\"name\":\"https\",\"status\":\"mocked\"},{\"name\":\"https\",\"status\":\"mocked\"},{\"name\":\"net\",\"status\":\"mocked\"}]"}}
[debug] [2021-01-12T20:20:03.146Z] [runtime-status] [12026] Resolved module firebase-functions {"declared":true,"installed":true,"version":"3.13.0","resolution":"/Users/Dimitrije/Desktop/FRONTEND/REACT PROJECTS/Full Amazon Clone/amazon-fullclone/functions/node_modules/firebase-functions/lib/index.js"} {"metadata":{"emulator":{"name":"functions"},"function":{"name":"api"},"message":"[runtime-status] [12026] Resolved module firebase-functions {\"declared\":true,\"installed\":true,\"version\":\"3.13.0\",\"resolution\":\"/Users/Dimitrije/Desktop/FRONTEND/REACT PROJECTS/Full Amazon Clone/amazon-fullclone/functions/node_modules/firebase-functions/lib/index.js\"}"}}
[debug] [2021-01-12T20:20:03.212Z] [runtime-status] [12026] Checked functions.config() {"config":{}} {"metadata":{"emulator":{"name":"functions"},"function":{"name":"api"},"message":"[runtime-status] [12026] Checked functions.config() {\"config\":{}}"}}
[debug] [2021-01-12T20:20:03.213Z] [runtime-status] [12026] firebase-functions has been stubbed. {"functionsResolution":{"declared":true,"installed":true,"version":"3.13.0","resolution":"/Users/Dimitrije/Desktop/FRONTEND/REACT PROJECTS/Full Amazon Clone/amazon-fullclone/functions/node_modules/firebase-functions/lib/index.js"}} {"metadata":{"emulator":{"name":"functions"},"function":{"name":"api"},"message":"[runtime-status] [12026] firebase-functions has been stubbed. {\"functionsResolution\":{\"declared\":true,\"installed\":true,\"version\":\"3.13.0\",\"resolution\":\"/Users/Dimitrije/Desktop/FRONTEND/REACT PROJECTS/Full Amazon Clone/amazon-fullclone/functions/node_modules/firebase-functions/lib/index.js\"}}"}}
[debug] [2021-01-12T20:20:03.214Z] [runtime-status] [12026] Resolved module firebase-functions {"declared":true,"installed":true,"version":"3.13.0","resolution":"/Users/Dimitrije/Desktop/FRONTEND/REACT PROJECTS/Full Amazon Clone/amazon-fullclone/functions/node_modules/firebase-functions/lib/index.js"} {"metadata":{"emulator":{"name":"functions"},"function":{"name":"api"},"message":"[runtime-status] [12026] Resolved module firebase-functions {\"declared\":true,\"installed\":true,\"version\":\"3.13.0\",\"resolution\":\"/Users/Dimitrije/Desktop/FRONTEND/REACT PROJECTS/Full Amazon Clone/amazon-fullclone/functions/node_modules/firebase-functions/lib/index.js\"}"}}
[debug] [2021-01-12T20:20:03.215Z] [runtime-status] [12026] Resolved module firebase-admin {"declared":true,"installed":true,"version":"9.4.2","resolution":"/Users/Dimitrije/Desktop/FRONTEND/REACT PROJECTS/Full Amazon Clone/amazon-fullclone/functions/node_modules/firebase-admin/lib/index.js"} {"metadata":{"emulator":{"name":"functions"},"function":{"name":"api"},"message":"[runtime-status] [12026] Resolved module firebase-admin {\"declared\":true,\"installed\":true,\"version\":\"9.4.2\",\"resolution\":\"/Users/Dimitrije/Desktop/FRONTEND/REACT PROJECTS/Full Amazon Clone/amazon-fullclone/functions/node_modules/firebase-admin/lib/index.js\"}"}}
[debug] [2021-01-12T20:20:03.215Z] [runtime-status] [12026] Resolved module firebase-functions {"declared":true,"installed":true,"version":"3.13.0","resolution":"/Users/Dimitrije/Desktop/FRONTEND/REACT PROJECTS/Full Amazon Clone/amazon-fullclone/functions/node_modules/firebase-functions/lib/index.js"} {"metadata":{"emulator":{"name":"functions"},"function":{"name":"api"},"message":"[runtime-status] [12026] Resolved module firebase-functions {\"declared\":true,\"installed\":true,\"version\":\"3.13.0\",\"resolution\":\"/Users/Dimitrije/Desktop/FRONTEND/REACT PROJECTS/Full Amazon Clone/amazon-fullclone/functions/node_modules/firebase-functions/lib/index.js\"}"}}
[debug] [2021-01-12T20:20:03.216Z] [runtime-status] [12026] firebase-admin has been stubbed. {"adminResolution":{"declared":true,"installed":true,"version":"9.4.2","resolution":"/Users/Dimitrije/Desktop/FRONTEND/REACT PROJECTS/Full Amazon Clone/amazon-fullclone/functions/node_modules/firebase-admin/lib/index.js"}} {"metadata":{"emulator":{"name":"functions"},"function":{"name":"api"},"message":"[runtime-status] [12026] firebase-admin has been stubbed. {\"adminResolution\":{\"declared\":true,\"installed\":true,\"version\":\"9.4.2\",\"resolution\":\"/Users/Dimitrije/Desktop/FRONTEND/REACT PROJECTS/Full Amazon Clone/amazon-fullclone/functions/node_modules/firebase-admin/lib/index.js\"}}"}}
[debug] [2021-01-12T20:20:05.220Z] [runtime-status] [12026] Trigger "api" has been found, beginning invocation! {"metadata":{"emulator":{"name":"functions"},"function":{"name":"api"},"message":"[runtime-status] [12026] Trigger \"api\" has been found, beginning invocation!"}}
[info] i  functions: Beginning execution of "api" {"metadata":{"emulator":{"name":"functions"},"function":{"name":"api"},"message":"Beginning execution of \"api\""}}
[debug] [2021-01-12T20:20:05.222Z] [runtime-status] [12026] triggerDefinition {"httpsTrigger":{},"name":"api","entryPoint":"api"} {"metadata":{"emulator":{"name":"functions"},"function":{"name":"api"},"message":"[runtime-status] [12026] triggerDefinition {\"httpsTrigger\":{},\"name\":\"api\",\"entryPoint\":\"api\"}"}}
[debug] [2021-01-12T20:20:05.222Z] [runtime-status] [12026] Running api in mode HTTPS {"metadata":{"emulator":{"name":"functions"},"function":{"name":"api"},"message":"[runtime-status] [12026] Running api in mode HTTPS"}}
[debug] [2021-01-12T20:20:05.226Z] [runtime-status] [12026] Attempting to listen to socketPath: /var/folders/b3/mbbz17kx1js81tgwfl8654xm0000gn/T/fire_emu_12026.sock {"metadata":{"emulator":{"name":"functions"},"function":{"name":"api"},"message":"[runtime-status] [12026] Attempting to listen to socketPath: /var/folders/b3/mbbz17kx1js81tgwfl8654xm0000gn/T/fire_emu_12026.sock"}}
[debug] [2021-01-12T20:20:05.232Z] [functions] Runtime ready! Sending request! {"metadata":{"emulator":{"name":"functions"},"message":"[functions] Runtime ready! Sending request!"}}
[debug] [2021-01-12T20:20:05.248Z] [runtime-status] [12026] Ephemeral server handling POST request {"metadata":{"emulator":{"name":"functions"},"function":{"name":"api"},"message":"[runtime-status] [12026] Ephemeral server handling POST request"}}
[info] >  Payment Request Recived: 11996 {"user":"Payment Request Recived: 11996","metadata":{"emulator":{"name":"functions"},"function":{"name":"api"},"message":"\u001b[90m> \u001b[39m Payment Request Recived: 11996"}}
[debug] [2021-01-12T20:20:05.269Z] [runtime-status] [12026] Ephemeral server survived. {"metadata":{"emulator":{"name":"functions"},"function":{"name":"api"},"message":"[runtime-status] [12026] Ephemeral server survived."}}
[info] i  functions: Finished "api" in ~1s {"metadata":{"emulator":{"name":"functions"},"function":{"name":"api"},"message":"Finished \"api\" in ~1s"}}
[debug] [2021-01-12T20:20:05.941Z] [worker-api-100f0418-acdf-4fb2-83f1-9682cb482bf2]: IDLE {"metadata":{"emulator":{"name":"functions"},"message":"[worker-api-100f0418-acdf-4fb2-83f1-9682cb482bf2]: IDLE"}}
[debug] [2021-01-12T20:20:05.941Z] [work-queue] {"queueLength":0,"workRunningCount":0}
[debug] [2021-01-12T20:20:14.949Z] [work-queue] {"queueLength":1,"workRunningCount":0}
[debug] [2021-01-12T20:20:14.949Z] [work-queue] {"queueLength":0,"workRunningCount":1}
[debug] [2021-01-12T20:20:14.949Z] Accepted request POST /fullclone-74a4e/us-central1/api/payments/create?total=0 --> api
[debug] [2021-01-12T20:20:14.949Z] [worker-pool] submitWork(triggerId=api) {"metadata":{"emulator":{"name":"functions"},"message":"[worker-pool] submitWork(triggerId=api)"}}
[debug] [2021-01-12T20:20:14.950Z] [worker-api-100f0418-acdf-4fb2-83f1-9682cb482bf2]: Assigning socketPath: /var/folders/b3/mbbz17kx1js81tgwfl8654xm0000gn/T/fire_emu_12026.sock {"metadata":{"emulator":{"name":"functions"},"message":"[worker-api-100f0418-acdf-4fb2-83f1-9682cb482bf2]: Assigning socketPath: /var/folders/b3/mbbz17kx1js81tgwfl8654xm0000gn/T/fire_emu_12026.sock"}}
[debug] [2021-01-12T20:20:14.950Z] [worker-api-100f0418-acdf-4fb2-83f1-9682cb482bf2]: BUSY {"metadata":{"emulator":{"name":"functions"},"message":"[worker-api-100f0418-acdf-4fb2-83f1-9682cb482bf2]: BUSY"}}
[debug] [2021-01-12T20:20:14.950Z] [runtime-status] [12026] Trigger "api" has been found, beginning invocation! {"metadata":{"emulator":{"name":"functions"},"function":{"name":"api"},"message":"[runtime-status] [12026] Trigger \"api\" has been found, beginning invocation!"}}
[info] i  functions: Beginning execution of "api" {"metadata":{"emulator":{"name":"functions"},"function":{"name":"api"},"message":"Beginning execution of \"api\""}}
[debug] [2021-01-12T20:20:14.951Z] [runtime-status] [12026] triggerDefinition {"httpsTrigger":{},"name":"api","entryPoint":"api"} {"metadata":{"emulator":{"name":"functions"},"function":{"name":"api"},"message":"[runtime-status] [12026] triggerDefinition {\"httpsTrigger\":{},\"name\":\"api\",\"entryPoint\":\"api\"}"}}
[debug] [2021-01-12T20:20:14.951Z] [runtime-status] [12026] Running api in mode HTTPS {"metadata":{"emulator":{"name":"functions"},"function":{"name":"api"},"message":"[runtime-status] [12026] Running api in mode HTTPS"}}
[debug] [2021-01-12T20:20:14.951Z] [runtime-status] [12026] Attempting to listen to socketPath: /var/folders/b3/mbbz17kx1js81tgwfl8654xm0000gn/T/fire_emu_12026.sock {"metadata":{"emulator":{"name":"functions"},"function":{"name":"api"},"message":"[runtime-status] [12026] Attempting to listen to socketPath: /var/folders/b3/mbbz17kx1js81tgwfl8654xm0000gn/T/fire_emu_12026.sock"}}
[debug] [2021-01-12T20:20:14.952Z] [functions] Runtime ready! Sending request! {"metadata":{"emulator":{"name":"functions"},"message":"[functions] Runtime ready! Sending request!"}}
[debug] [2021-01-12T20:20:14.955Z] [runtime-status] [12026] Ephemeral server handling POST request {"metadata":{"emulator":{"name":"functions"},"function":{"name":"api"},"message":"[runtime-status] [12026] Ephemeral server handling POST request"}}
[info] >  Payment Request Recived: 0 {"user":"Payment Request Recived: 0","metadata":{"emulator":{"name":"functions"},"function":{"name":"api"},"message":"\u001b[90m> \u001b[39m Payment Request Recived: 0"}}
[debug] [2021-01-12T20:20:14.957Z] [runtime-status] [12026] Ephemeral server survived. {"metadata":{"emulator":{"name":"functions"},"function":{"name":"api"},"message":"[runtime-status] [12026] Ephemeral server survived."}}
[info] >  (node:12026) UnhandledPromiseRejectionWarning: Error: This value must be greater than or equal to 1. {"user":"(node:12026) UnhandledPromiseRejectionWarning: Error: This value must be greater than or equal to 1.","metadata":{"emulator":{"name":"functions"},"function":{"name":"api"},"message":"\u001b[90m> \u001b[39m (node:12026) UnhandledPromiseRejectionWarning: Error: This value must be greater than or equal to 1."}}
[info] >      at Function.generate (/Users/Dimitrije/Desktop/FRONTEND/REACT PROJECTS/Full Amazon Clone/amazon-fullclone/functions/node_modules/stripe/lib/Error.js:40:16) {"user":"    at Function.generate (/Users/Dimitrije/Desktop/FRONTEND/REACT PROJECTS/Full Amazon Clone/amazon-fullclone/functions/node_modules/stripe/lib/Error.js:40:16)","metadata":{"emulator":{"name":"functions"},"function":{"name":"api"},"message":"\u001b[90m> \u001b[39m     at Function.generate (/Users/Dimitrije/Desktop/FRONTEND/REACT PROJECTS/Full Amazon Clone/amazon-fullclone/functions/node_modules/stripe/lib/Error.js:40:16)"}}
[info] >      at IncomingMessage.<anonymous> (/Users/Dimitrije/Desktop/FRONTEND/REACT PROJECTS/Full Amazon Clone/amazon-fullclone/functions/node_modules/stripe/lib/StripeResource.js:190:33) {"user":"    at IncomingMessage.<anonymous> (/Users/Dimitrije/Desktop/FRONTEND/REACT PROJECTS/Full Amazon Clone/amazon-fullclone/functions/node_modules/stripe/lib/StripeResource.js:190:33)","metadata":{"emulator":{"name":"functions"},"function":{"name":"api"},"message":"\u001b[90m> \u001b[39m     at IncomingMessage.<anonymous> (/Users/Dimitrije/Desktop/FRONTEND/REACT PROJECTS/Full Amazon Clone/amazon-fullclone/functions/node_modules/stripe/lib/StripeResource.js:190:33)"}}
[info] >      at Object.onceWrapper (events.js:421:28) {"user":"    at Object.onceWrapper (events.js:421:28)","metadata":{"emulator":{"name":"functions"},"function":{"name":"api"},"message":"\u001b[90m> \u001b[39m     at Object.onceWrapper (events.js:421:28)"}}
[info] >      at IncomingMessage.emit (events.js:327:22) {"user":"    at IncomingMessage.emit (events.js:327:22)","metadata":{"emulator":{"name":"functions"},"function":{"name":"api"},"message":"\u001b[90m> \u001b[39m     at IncomingMessage.emit (events.js:327:22)"}}
[info] >      at endReadableNT (_stream_readable.js:1327:12) {"user":"    at endReadableNT (_stream_readable.js:1327:12)","metadata":{"emulator":{"name":"functions"},"function":{"name":"api"},"message":"\u001b[90m> \u001b[39m     at endReadableNT (_stream_readable.js:1327:12)"}}
[info] >      at processTicksAndRejections (internal/process/task_queues.js:80:21) {"user":"    at processTicksAndRejections (internal/process/task_queues.js:80:21)","metadata":{"emulator":{"name":"functions"},"function":{"name":"api"},"message":"\u001b[90m> \u001b[39m     at processTicksAndRejections (internal/process/task_queues.js:80:21)"}}
[info] >  (Use `node --trace-warnings ...` to show where the warning was created) {"user":"(Use `node --trace-warnings ...` to show where the warning was created)","metadata":{"emulator":{"name":"functions"},"function":{"name":"api"},"message":"\u001b[90m> \u001b[39m (Use `node --trace-warnings ...` to show where the warning was created)"}}
[info] >  (node:12026) UnhandledPromiseRejectionWarning: Unhandled promise rejection. This error originated either by throwing inside of an async function without a catch block, or by rejecting a promise which was not handled with .catch(). To terminate the node process on unhandled promise rejection, use the CLI flag `--unhandled-rejections=strict` (see https://nodejs.org/api/cli.html#cli_unhandled_rejections_mode). (rejection id: 1) {"user":"(node:12026) UnhandledPromiseRejectionWarning: Unhandled promise rejection. This error originated either by throwing inside of an async function without a catch block, or by rejecting a promise which was not handled with .catch(). To terminate the node process on unhandled promise rejection, use the CLI flag `--unhandled-rejections=strict` (see https://nodejs.org/api/cli.html#cli_unhandled_rejections_mode). (rejection id: 1)","metadata":{"emulator":{"name":"functions"},"function":{"name":"api"},"message":"\u001b[90m> \u001b[39m (node:12026) UnhandledPromiseRejectionWarning: Unhandled promise rejection. This error originated either by throwing inside of an async function without a catch block, or by rejecting a promise which was not handled with .catch(). To terminate the node process on unhandled promise rejection, use the CLI flag `--unhandled-rejections=strict` (see https://nodejs.org/api/cli.html#cli_unhandled_rejections_mode). (rejection id: 1)"}}
[info] >  (node:12026) [DEP0018] DeprecationWarning: Unhandled promise rejections are deprecated. In the future, promise rejections that are not handled will terminate the Node.js process with a non-zero exit code. {"user":"(node:12026) [DEP0018] DeprecationWarning: Unhandled promise rejections are deprecated. In the future, promise rejections that are not handled will terminate the Node.js process with a non-zero exit code.","metadata":{"emulator":{"name":"functions"},"function":{"name":"api"},"message":"\u001b[90m> \u001b[39m (node:12026) [DEP0018] DeprecationWarning: Unhandled promise rejections are deprecated. In the future, promise rejections that are not handled will terminate the Node.js process with a non-zero exit code."}}
[warn] ⚠  functions: Your function timed out after ~60s. To configure this timeout, see
      https://firebase.google.com/docs/functions/manage-functions#set_timeout_and_memory_allocation. {"metadata":{"emulator":{"name":"functions"},"function":{"name":"api"},"message":"Your function timed out after ~60s. To configure this timeout, see\n      https://firebase.google.com/docs/functions/manage-functions#set_timeout_and_memory_allocation."}}
[info] >  /usr/local/lib/node_modules/firebase-tools/lib/emulator/functionsEmulatorRuntime.js:641 {"user":"/usr/local/lib/node_modules/firebase-tools/lib/emulator/functionsEmulatorRuntime.js:641","metadata":{"emulator":{"name":"functions"},"function":{"name":"api"},"message":"\u001b[90m> \u001b[39m /usr/local/lib/node_modules/firebase-tools/lib/emulator/functionsEmulatorRuntime.js:641"}}
[info] >              throw new Error("Function timed out."); {"user":"            throw new Error(\"Function timed out.\");","metadata":{"emulator":{"name":"functions"},"function":{"name":"api"},"message":"\u001b[90m> \u001b[39m             throw new Error(\"Function timed out.\");"}}
[info] >              ^ {"user":"            ^","metadata":{"emulator":{"name":"functions"},"function":{"name":"api"},"message":"\u001b[90m> \u001b[39m             ^"}}
[info] >   {"user":"","metadata":{"emulator":{"name":"functions"},"function":{"name":"api"},"message":"\u001b[90m> \u001b[39m "}}
[info] >  Error: Function timed out. {"user":"Error: Function timed out.","metadata":{"emulator":{"name":"functions"},"function":{"name":"api"},"message":"\u001b[90m> \u001b[39m Error: Function timed out."}}
[info] >      at Timeout._onTimeout (/usr/local/lib/node_modules/firebase-tools/lib/emulator/functionsEmulatorRuntime.js:641:19) {"user":"    at Timeout._onTimeout (/usr/local/lib/node_modules/firebase-tools/lib/emulator/functionsEmulatorRuntime.js:641:19)","metadata":{"emulator":{"name":"functions"},"function":{"name":"api"},"message":"\u001b[90m> \u001b[39m     at Timeout._onTimeout (/usr/local/lib/node_modules/firebase-tools/lib/emulator/functionsEmulatorRuntime.js:641:19)"}}
[info] >      at listOnTimeout (internal/timers.js:554:17) {"user":"    at listOnTimeout (internal/timers.js:554:17)","metadata":{"emulator":{"name":"functions"},"function":{"name":"api"},"message":"\u001b[90m> \u001b[39m     at listOnTimeout (internal/timers.js:554:17)"}}
[info] >      at processTimers (internal/timers.js:497:7) {"user":"    at processTimers (internal/timers.js:497:7)","metadata":{"emulator":{"name":"functions"},"function":{"name":"api"},"message":"\u001b[90m> \u001b[39m     at processTimers (internal/timers.js:497:7)"}}
[debug] [2021-01-12T20:21:14.979Z] [worker-api-100f0418-acdf-4fb2-83f1-9682cb482bf2]: exited {"metadata":{"emulator":{"name":"functions"},"message":"[worker-api-100f0418-acdf-4fb2-83f1-9682cb482bf2]: exited"}}
[debug] [2021-01-12T20:21:14.980Z] [worker-api-100f0418-acdf-4fb2-83f1-9682cb482bf2]: FINISHED {"metadata":{"emulator":{"name":"functions"},"message":"[worker-api-100f0418-acdf-4fb2-83f1-9682cb482bf2]: FINISHED"}}
[debug] [2021-01-12T20:21:14.980Z] [work-queue] {"queueLength":0,"workRunningCount":0}
[debug] [2021-01-12T22:16:04.390Z] [work-queue] {"queueLength":1,"workRunningCount":0}
[debug] [2021-01-12T22:16:04.392Z] [work-queue] {"queueLength":0,"workRunningCount":1}
[debug] [2021-01-12T22:16:04.393Z] Accepted request POST /fullclone-74a4e/us-central1/api/payments/create?total=55999 --> api
[debug] [2021-01-12T22:16:04.394Z] [worker-pool] Cleaned up workers for api: 1 --> 0 {"metadata":{"emulator":{"name":"functions"},"message":"[worker-pool] Cleaned up workers for api: 1 --> 0"}}
[debug] [2021-01-12T22:16:04.408Z] [worker-pool] addWorker(api) {"metadata":{"emulator":{"name":"functions"},"message":"[worker-pool] addWorker(api)"}}
[debug] [2021-01-12T22:16:04.408Z] [worker-pool] Adding worker with key api, total=1 {"metadata":{"emulator":{"name":"functions"},"message":"[worker-pool] Adding worker with key api, total=1"}}
[debug] [2021-01-12T22:16:04.408Z] [worker-pool] submitWork(triggerId=api) {"metadata":{"emulator":{"name":"functions"},"message":"[worker-pool] submitWork(triggerId=api)"}}
[debug] [2021-01-12T22:16:04.409Z] [worker-api-78418c76-8b0f-4737-84c2-e29ede06e6e6]: Assigning socketPath: /var/folders/b3/mbbz17kx1js81tgwfl8654xm0000gn/T/fire_emu_12784.sock {"metadata":{"emulator":{"name":"functions"},"message":"[worker-api-78418c76-8b0f-4737-84c2-e29ede06e6e6]: Assigning socketPath: /var/folders/b3/mbbz17kx1js81tgwfl8654xm0000gn/T/fire_emu_12784.sock"}}
[debug] [2021-01-12T22:16:04.409Z] [worker-api-78418c76-8b0f-4737-84c2-e29ede06e6e6]: BUSY {"metadata":{"emulator":{"name":"functions"},"message":"[worker-api-78418c76-8b0f-4737-84c2-e29ede06e6e6]: BUSY"}}
[debug] [2021-01-12T22:16:04.715Z] [runtime-status] [12784] Functions runtime initialized. {"cwd":"/Users/Dimitrije/Desktop/FRONTEND/REACT PROJECTS/Full Amazon Clone/amazon-fullclone/functions","node_version":"14.15.1"} {"metadata":{"emulator":{"name":"functions"},"function":{"name":"api"},"message":"[runtime-status] [12784] Functions runtime initialized. {\"cwd\":\"/Users/Dimitrije/Desktop/FRONTEND/REACT PROJECTS/Full Amazon Clone/amazon-fullclone/functions\",\"node_version\":\"14.15.1\"}"}}
[debug] [2021-01-12T22:16:04.717Z] [runtime-status] [12784] Disabled runtime features: undefined {"metadata":{"emulator":{"name":"functions"},"function":{"name":"api"},"message":"[runtime-status] [12784] Disabled runtime features: undefined"}}
[debug] [2021-01-12T22:16:04.782Z] [runtime-status] [12784] Resolved module firebase-admin {"declared":true,"installed":true,"version":"9.4.2","resolution":"/Users/Dimitrije/Desktop/FRONTEND/REACT PROJECTS/Full Amazon Clone/amazon-fullclone/functions/node_modules/firebase-admin/lib/index.js"} {"metadata":{"emulator":{"name":"functions"},"function":{"name":"api"},"message":"[runtime-status] [12784] Resolved module firebase-admin {\"declared\":true,\"installed\":true,\"version\":\"9.4.2\",\"resolution\":\"/Users/Dimitrije/Desktop/FRONTEND/REACT PROJECTS/Full Amazon Clone/amazon-fullclone/functions/node_modules/firebase-admin/lib/index.js\"}"}}
[debug] [2021-01-12T22:16:04.798Z] [runtime-status] [12784] Resolved module firebase-functions {"declared":true,"installed":true,"version":"3.13.0","resolution":"/Users/Dimitrije/Desktop/FRONTEND/REACT PROJECTS/Full Amazon Clone/amazon-fullclone/functions/node_modules/firebase-functions/lib/index.js"} {"metadata":{"emulator":{"name":"functions"},"function":{"name":"api"},"message":"[runtime-status] [12784] Resolved module firebase-functions {\"declared\":true,\"installed\":true,\"version\":\"3.13.0\",\"resolution\":\"/Users/Dimitrije/Desktop/FRONTEND/REACT PROJECTS/Full Amazon Clone/amazon-fullclone/functions/node_modules/firebase-functions/lib/index.js\"}"}}
[debug] [2021-01-12T22:16:04.805Z] [runtime-status] [12784] Resolved module firebase-functions {"declared":true,"installed":true,"version":"3.13.0","resolution":"/Users/Dimitrije/Desktop/FRONTEND/REACT PROJECTS/Full Amazon Clone/amazon-fullclone/functions/node_modules/firebase-functions/lib/index.js"} {"metadata":{"emulator":{"name":"functions"},"function":{"name":"api"},"message":"[runtime-status] [12784] Resolved module firebase-functions {\"declared\":true,\"installed\":true,\"version\":\"3.13.0\",\"resolution\":\"/Users/Dimitrije/Desktop/FRONTEND/REACT PROJECTS/Full Amazon Clone/amazon-fullclone/functions/node_modules/firebase-functions/lib/index.js\"}"}}
[debug] [2021-01-12T22:16:04.805Z] [runtime-status] [12784] Outgoing network have been stubbed. [{"name":"http","status":"mocked"},{"name":"http","status":"mocked"},{"name":"https","status":"mocked"},{"name":"https","status":"mocked"},{"name":"net","status":"mocked"}] {"metadata":{"emulator":{"name":"functions"},"function":{"name":"api"},"message":"[runtime-status] [12784] Outgoing network have been stubbed. [{\"name\":\"http\",\"status\":\"mocked\"},{\"name\":\"http\",\"status\":\"mocked\"},{\"name\":\"https\",\"status\":\"mocked\"},{\"name\":\"https\",\"status\":\"mocked\"},{\"name\":\"net\",\"status\":\"mocked\"}]"}}
[debug] [2021-01-12T22:16:04.807Z] [runtime-status] [12784] Resolved module firebase-functions {"declared":true,"installed":true,"version":"3.13.0","resolution":"/Users/Dimitrije/Desktop/FRONTEND/REACT PROJECTS/Full Amazon Clone/amazon-fullclone/functions/node_modules/firebase-functions/lib/index.js"} {"metadata":{"emulator":{"name":"functions"},"function":{"name":"api"},"message":"[runtime-status] [12784] Resolved module firebase-functions {\"declared\":true,\"installed\":true,\"version\":\"3.13.0\",\"resolution\":\"/Users/Dimitrije/Desktop/FRONTEND/REACT PROJECTS/Full Amazon Clone/amazon-fullclone/functions/node_modules/firebase-functions/lib/index.js\"}"}}
[debug] [2021-01-12T22:16:04.942Z] [runtime-status] [12784] Checked functions.config() {"config":{}} {"metadata":{"emulator":{"name":"functions"},"function":{"name":"api"},"message":"[runtime-status] [12784] Checked functions.config() {\"config\":{}}"}}
[debug] [2021-01-12T22:16:04.942Z] [runtime-status] [12784] firebase-functions has been stubbed. {"functionsResolution":{"declared":true,"installed":true,"version":"3.13.0","resolution":"/Users/Dimitrije/Desktop/FRONTEND/REACT PROJECTS/Full Amazon Clone/amazon-fullclone/functions/node_modules/firebase-functions/lib/index.js"}} {"metadata":{"emulator":{"name":"functions"},"function":{"name":"api"},"message":"[runtime-status] [12784] firebase-functions has been stubbed. {\"functionsResolution\":{\"declared\":true,\"installed\":true,\"version\":\"3.13.0\",\"resolution\":\"/Users/Dimitrije/Desktop/FRONTEND/REACT PROJECTS/Full Amazon Clone/amazon-fullclone/functions/node_modules/firebase-functions/lib/index.js\"}}"}}
[debug] [2021-01-12T22:16:04.947Z] [runtime-status] [12784] Resolved module firebase-functions {"declared":true,"installed":true,"version":"3.13.0","resolution":"/Users/Dimitrije/Desktop/FRONTEND/REACT PROJECTS/Full Amazon Clone/amazon-fullclone/functions/node_modules/firebase-functions/lib/index.js"} {"metadata":{"emulator":{"name":"functions"},"function":{"name":"api"},"message":"[runtime-status] [12784] Resolved module firebase-functions {\"declared\":true,\"installed\":true,\"version\":\"3.13.0\",\"resolution\":\"/Users/Dimitrije/Desktop/FRONTEND/REACT PROJECTS/Full Amazon Clone/amazon-fullclone/functions/node_modules/firebase-functions/lib/index.js\"}"}}
[debug] [2021-01-12T22:16:04.949Z] [runtime-status] [12784] Resolved module firebase-admin {"declared":true,"installed":true,"version":"9.4.2","resolution":"/Users/Dimitrije/Desktop/FRONTEND/REACT PROJECTS/Full Amazon Clone/amazon-fullclone/functions/node_modules/firebase-admin/lib/index.js"} {"metadata":{"emulator":{"name":"functions"},"function":{"name":"api"},"message":"[runtime-status] [12784] Resolved module firebase-admin {\"declared\":true,\"installed\":true,\"version\":\"9.4.2\",\"resolution\":\"/Users/Dimitrije/Desktop/FRONTEND/REACT PROJECTS/Full Amazon Clone/amazon-fullclone/functions/node_modules/firebase-admin/lib/index.js\"}"}}
[debug] [2021-01-12T22:16:04.950Z] [runtime-status] [12784] Resolved module firebase-functions {"declared":true,"installed":true,"version":"3.13.0","resolution":"/Users/Dimitrije/Desktop/FRONTEND/REACT PROJECTS/Full Amazon Clone/amazon-fullclone/functions/node_modules/firebase-functions/lib/index.js"} {"metadata":{"emulator":{"name":"functions"},"function":{"name":"api"},"message":"[runtime-status] [12784] Resolved module firebase-functions {\"declared\":true,\"installed\":true,\"version\":\"3.13.0\",\"resolution\":\"/Users/Dimitrije/Desktop/FRONTEND/REACT PROJECTS/Full Amazon Clone/amazon-fullclone/functions/node_modules/firebase-functions/lib/index.js\"}"}}
[debug] [2021-01-12T22:16:04.950Z] [runtime-status] [12784] firebase-admin has been stubbed. {"adminResolution":{"declared":true,"installed":true,"version":"9.4.2","resolution":"/Users/Dimitrije/Desktop/FRONTEND/REACT PROJECTS/Full Amazon Clone/amazon-fullclone/functions/node_modules/firebase-admin/lib/index.js"}} {"metadata":{"emulator":{"name":"functions"},"function":{"name":"api"},"message":"[runtime-status] [12784] firebase-admin has been stubbed. {\"adminResolution\":{\"declared\":true,\"installed\":true,\"version\":\"9.4.2\",\"resolution\":\"/Users/Dimitrije/Desktop/FRONTEND/REACT PROJECTS/Full Amazon Clone/amazon-fullclone/functions/node_modules/firebase-admin/lib/index.js\"}}"}}
[debug] [2021-01-12T22:16:06.737Z] [runtime-status] [12784] Trigger "api" has been found, beginning invocation! {"metadata":{"emulator":{"name":"functions"},"function":{"name":"api"},"message":"[runtime-status] [12784] Trigger \"api\" has been found, beginning invocation!"}}
[info] i  functions: Beginning execution of "api" {"metadata":{"emulator":{"name":"functions"},"function":{"name":"api"},"message":"Beginning execution of \"api\""}}
[debug] [2021-01-12T22:16:06.738Z] [runtime-status] [12784] triggerDefinition {"httpsTrigger":{},"name":"api","entryPoint":"api"} {"metadata":{"emulator":{"name":"functions"},"function":{"name":"api"},"message":"[runtime-status] [12784] triggerDefinition {\"httpsTrigger\":{},\"name\":\"api\",\"entryPoint\":\"api\"}"}}
[debug] [2021-01-12T22:16:06.738Z] [runtime-status] [12784] Running api in mode HTTPS {"metadata":{"emulator":{"name":"functions"},"function":{"name":"api"},"message":"[runtime-status] [12784] Running api in mode HTTPS"}}
[debug] [2021-01-12T22:16:06.744Z] [runtime-status] [12784] Attempting to listen to socketPath: /var/folders/b3/mbbz17kx1js81tgwfl8654xm0000gn/T/fire_emu_12784.sock {"metadata":{"emulator":{"name":"functions"},"function":{"name":"api"},"message":"[runtime-status] [12784] Attempting to listen to socketPath: /var/folders/b3/mbbz17kx1js81tgwfl8654xm0000gn/T/fire_emu_12784.sock"}}
[debug] [2021-01-12T22:16:06.747Z] [functions] Runtime ready! Sending request! {"metadata":{"emulator":{"name":"functions"},"message":"[functions] Runtime ready! Sending request!"}}
[debug] [2021-01-12T22:16:06.758Z] [runtime-status] [12784] Ephemeral server handling POST request {"metadata":{"emulator":{"name":"functions"},"function":{"name":"api"},"message":"[runtime-status] [12784] Ephemeral server handling POST request"}}
[info] >  Payment Request Recived: 55999 {"user":"Payment Request Recived: 55999","metadata":{"emulator":{"name":"functions"},"function":{"name":"api"},"message":"\u001b[90m> \u001b[39m Payment Request Recived: 55999"}}
[debug] [2021-01-12T22:16:06.774Z] [runtime-status] [12784] Ephemeral server survived. {"metadata":{"emulator":{"name":"functions"},"function":{"name":"api"},"message":"[runtime-status] [12784] Ephemeral server survived."}}
[info] i  functions: Finished "api" in ~1s {"metadata":{"emulator":{"name":"functions"},"function":{"name":"api"},"message":"Finished \"api\" in ~1s"}}
[debug] [2021-01-12T22:16:07.420Z] [worker-api-78418c76-8b0f-4737-84c2-e29ede06e6e6]: IDLE {"metadata":{"emulator":{"name":"functions"},"message":"[worker-api-78418c76-8b0f-4737-84c2-e29ede06e6e6]: IDLE"}}
[debug] [2021-01-12T22:16:07.420Z] [work-queue] {"queueLength":0,"workRunningCount":0}
[debug] [2021-01-12T22:16:28.588Z] [work-queue] {"queueLength":1,"workRunningCount":0}
[debug] [2021-01-12T22:16:28.588Z] [work-queue] {"queueLength":0,"workRunningCount":1}
[debug] [2021-01-12T22:16:28.588Z] Accepted request POST /fullclone-74a4e/us-central1/api/payments/create?total=0 --> api
[debug] [2021-01-12T22:16:28.588Z] [worker-pool] submitWork(triggerId=api) {"metadata":{"emulator":{"name":"functions"},"message":"[worker-pool] submitWork(triggerId=api)"}}
[debug] [2021-01-12T22:16:28.588Z] [worker-api-78418c76-8b0f-4737-84c2-e29ede06e6e6]: Assigning socketPath: /var/folders/b3/mbbz17kx1js81tgwfl8654xm0000gn/T/fire_emu_12784.sock {"metadata":{"emulator":{"name":"functions"},"message":"[worker-api-78418c76-8b0f-4737-84c2-e29ede06e6e6]: Assigning socketPath: /var/folders/b3/mbbz17kx1js81tgwfl8654xm0000gn/T/fire_emu_12784.sock"}}
[debug] [2021-01-12T22:16:28.588Z] [worker-api-78418c76-8b0f-4737-84c2-e29ede06e6e6]: BUSY {"metadata":{"emulator":{"name":"functions"},"message":"[worker-api-78418c76-8b0f-4737-84c2-e29ede06e6e6]: BUSY"}}
[debug] [2021-01-12T22:16:28.589Z] [runtime-status] [12784] Trigger "api" has been found, beginning invocation! {"metadata":{"emulator":{"name":"functions"},"function":{"name":"api"},"message":"[runtime-status] [12784] Trigger \"api\" has been found, beginning invocation!"}}
[info] i  functions: Beginning execution of "api" {"metadata":{"emulator":{"name":"functions"},"function":{"name":"api"},"message":"Beginning execution of \"api\""}}
[debug] [2021-01-12T22:16:28.589Z] [runtime-status] [12784] triggerDefinition {"httpsTrigger":{},"name":"api","entryPoint":"api"} {"metadata":{"emulator":{"name":"functions"},"function":{"name":"api"},"message":"[runtime-status] [12784] triggerDefinition {\"httpsTrigger\":{},\"name\":\"api\",\"entryPoint\":\"api\"}"}}
[debug] [2021-01-12T22:16:28.590Z] [runtime-status] [12784] Running api in mode HTTPS {"metadata":{"emulator":{"name":"functions"},"function":{"name":"api"},"message":"[runtime-status] [12784] Running api in mode HTTPS"}}
[debug] [2021-01-12T22:16:28.590Z] [runtime-status] [12784] Attempting to listen to socketPath: /var/folders/b3/mbbz17kx1js81tgwfl8654xm0000gn/T/fire_emu_12784.sock {"metadata":{"emulator":{"name":"functions"},"function":{"name":"api"},"message":"[runtime-status] [12784] Attempting to listen to socketPath: /var/folders/b3/mbbz17kx1js81tgwfl8654xm0000gn/T/fire_emu_12784.sock"}}
[debug] [2021-01-12T22:16:28.592Z] [functions] Runtime ready! Sending request! {"metadata":{"emulator":{"name":"functions"},"message":"[functions] Runtime ready! Sending request!"}}
[debug] [2021-01-12T22:16:28.596Z] [runtime-status] [12784] Ephemeral server handling POST request {"metadata":{"emulator":{"name":"functions"},"function":{"name":"api"},"message":"[runtime-status] [12784] Ephemeral server handling POST request"}}
[info] >  Payment Request Recived: 0 {"user":"Payment Request Recived: 0","metadata":{"emulator":{"name":"functions"},"function":{"name":"api"},"message":"\u001b[90m> \u001b[39m Payment Request Recived: 0"}}
[debug] [2021-01-12T22:16:28.598Z] [runtime-status] [12784] Ephemeral server survived. {"metadata":{"emulator":{"name":"functions"},"function":{"name":"api"},"message":"[runtime-status] [12784] Ephemeral server survived."}}
[info] >  (node:12784) UnhandledPromiseRejectionWarning: Error: This value must be greater than or equal to 1. {"user":"(node:12784) UnhandledPromiseRejectionWarning: Error: This value must be greater than or equal to 1.","metadata":{"emulator":{"name":"functions"},"function":{"name":"api"},"message":"\u001b[90m> \u001b[39m (node:12784) UnhandledPromiseRejectionWarning: Error: This value must be greater than or equal to 1."}}
[info] >      at Function.generate (/Users/Dimitrije/Desktop/FRONTEND/REACT PROJECTS/Full Amazon Clone/amazon-fullclone/functions/node_modules/stripe/lib/Error.js:40:16) {"user":"    at Function.generate (/Users/Dimitrije/Desktop/FRONTEND/REACT PROJECTS/Full Amazon Clone/amazon-fullclone/functions/node_modules/stripe/lib/Error.js:40:16)","metadata":{"emulator":{"name":"functions"},"function":{"name":"api"},"message":"\u001b[90m> \u001b[39m     at Function.generate (/Users/Dimitrije/Desktop/FRONTEND/REACT PROJECTS/Full Amazon Clone/amazon-fullclone/functions/node_modules/stripe/lib/Error.js:40:16)"}}
[info] >      at IncomingMessage.<anonymous> (/Users/Dimitrije/Desktop/FRONTEND/REACT PROJECTS/Full Amazon Clone/amazon-fullclone/functions/node_modules/stripe/lib/StripeResource.js:190:33) {"user":"    at IncomingMessage.<anonymous> (/Users/Dimitrije/Desktop/FRONTEND/REACT PROJECTS/Full Amazon Clone/amazon-fullclone/functions/node_modules/stripe/lib/StripeResource.js:190:33)","metadata":{"emulator":{"name":"functions"},"function":{"name":"api"},"message":"\u001b[90m> \u001b[39m     at IncomingMessage.<anonymous> (/Users/Dimitrije/Desktop/FRONTEND/REACT PROJECTS/Full Amazon Clone/amazon-fullclone/functions/node_modules/stripe/lib/StripeResource.js:190:33)"}}
[info] >      at Object.onceWrapper (events.js:421:28) {"user":"    at Object.onceWrapper (events.js:421:28)","metadata":{"emulator":{"name":"functions"},"function":{"name":"api"},"message":"\u001b[90m> \u001b[39m     at Object.onceWrapper (events.js:421:28)"}}
[info] >      at IncomingMessage.emit (events.js:327:22) {"user":"    at IncomingMessage.emit (events.js:327:22)","metadata":{"emulator":{"name":"functions"},"function":{"name":"api"},"message":"\u001b[90m> \u001b[39m     at IncomingMessage.emit (events.js:327:22)"}}
[info] >      at endReadableNT (_stream_readable.js:1327:12) {"user":"    at endReadableNT (_stream_readable.js:1327:12)","metadata":{"emulator":{"name":"functions"},"function":{"name":"api"},"message":"\u001b[90m> \u001b[39m     at endReadableNT (_stream_readable.js:1327:12)"}}
[info] >      at processTicksAndRejections (internal/process/task_queues.js:80:21) {"user":"    at processTicksAndRejections (internal/process/task_queues.js:80:21)","metadata":{"emulator":{"name":"functions"},"function":{"name":"api"},"message":"\u001b[90m> \u001b[39m     at processTicksAndRejections (internal/process/task_queues.js:80:21)"}}
[info] >  (Use `node --trace-warnings ...` to show where the warning was created) {"user":"(Use `node --trace-warnings ...` to show where the warning was created)","metadata":{"emulator":{"name":"functions"},"function":{"name":"api"},"message":"\u001b[90m> \u001b[39m (Use `node --trace-warnings ...` to show where the warning was created)"}}
[info] >  (node:12784) UnhandledPromiseRejectionWarning: Unhandled promise rejection. This error originated either by throwing inside of an async function without a catch block, or by rejecting a promise which was not handled with .catch(). To terminate the node process on unhandled promise rejection, use the CLI flag `--unhandled-rejections=strict` (see https://nodejs.org/api/cli.html#cli_unhandled_rejections_mode). (rejection id: 1) {"user":"(node:12784) UnhandledPromiseRejectionWarning: Unhandled promise rejection. This error originated either by throwing inside of an async function without a catch block, or by rejecting a promise which was not handled with .catch(). To terminate the node process on unhandled promise rejection, use the CLI flag `--unhandled-rejections=strict` (see https://nodejs.org/api/cli.html#cli_unhandled_rejections_mode). (rejection id: 1)","metadata":{"emulator":{"name":"functions"},"function":{"name":"api"},"message":"\u001b[90m> \u001b[39m (node:12784) UnhandledPromiseRejectionWarning: Unhandled promise rejection. This error originated either by throwing inside of an async function without a catch block, or by rejecting a promise which was not handled with .catch(). To terminate the node process on unhandled promise rejection, use the CLI flag `--unhandled-rejections=strict` (see https://nodejs.org/api/cli.html#cli_unhandled_rejections_mode). (rejection id: 1)"}}
[info] >  (node:12784) [DEP0018] DeprecationWarning: Unhandled promise rejections are deprecated. In the future, promise rejections that are not handled will terminate the Node.js process with a non-zero exit code. {"user":"(node:12784) [DEP0018] DeprecationWarning: Unhandled promise rejections are deprecated. In the future, promise rejections that are not handled will terminate the Node.js process with a non-zero exit code.","metadata":{"emulator":{"name":"functions"},"function":{"name":"api"},"message":"\u001b[90m> \u001b[39m (node:12784) [DEP0018] DeprecationWarning: Unhandled promise rejections are deprecated. In the future, promise rejections that are not handled will terminate the Node.js process with a non-zero exit code."}}
[warn] ⚠  functions: Your function timed out after ~60s. To configure this timeout, see
      https://firebase.google.com/docs/functions/manage-functions#set_timeout_and_memory_allocation. {"metadata":{"emulator":{"name":"functions"},"function":{"name":"api"},"message":"Your function timed out after ~60s. To configure this timeout, see\n      https://firebase.google.com/docs/functions/manage-functions#set_timeout_and_memory_allocation."}}
[info] >  /usr/local/lib/node_modules/firebase-tools/lib/emulator/functionsEmulatorRuntime.js:641 {"user":"/usr/local/lib/node_modules/firebase-tools/lib/emulator/functionsEmulatorRuntime.js:641","metadata":{"emulator":{"name":"functions"},"function":{"name":"api"},"message":"\u001b[90m> \u001b[39m /usr/local/lib/node_modules/firebase-tools/lib/emulator/functionsEmulatorRuntime.js:641"}}
[info] >              throw new Error("Function timed out."); {"user":"            throw new Error(\"Function timed out.\");","metadata":{"emulator":{"name":"functions"},"function":{"name":"api"},"message":"\u001b[90m> \u001b[39m             throw new Error(\"Function timed out.\");"}}
[info] >              ^ {"user":"            ^","metadata":{"emulator":{"name":"functions"},"function":{"name":"api"},"message":"\u001b[90m> \u001b[39m             ^"}}
[info] >   {"user":"","metadata":{"emulator":{"name":"functions"},"function":{"name":"api"},"message":"\u001b[90m> \u001b[39m "}}
[info] >  Error: Function timed out. {"user":"Error: Function timed out.","metadata":{"emulator":{"name":"functions"},"function":{"name":"api"},"message":"\u001b[90m> \u001b[39m Error: Function timed out."}}
[info] >      at Timeout._onTimeout (/usr/local/lib/node_modules/firebase-tools/lib/emulator/functionsEmulatorRuntime.js:641:19) {"user":"    at Timeout._onTimeout (/usr/local/lib/node_modules/firebase-tools/lib/emulator/functionsEmulatorRuntime.js:641:19)","metadata":{"emulator":{"name":"functions"},"function":{"name":"api"},"message":"\u001b[90m> \u001b[39m     at Timeout._onTimeout (/usr/local/lib/node_modules/firebase-tools/lib/emulator/functionsEmulatorRuntime.js:641:19)"}}
[info] >      at listOnTimeout (internal/timers.js:554:17) {"user":"    at listOnTimeout (internal/timers.js:554:17)","metadata":{"emulator":{"name":"functions"},"function":{"name":"api"},"message":"\u001b[90m> \u001b[39m     at listOnTimeout (internal/timers.js:554:17)"}}
[info] >      at processTimers (internal/timers.js:497:7) {"user":"    at processTimers (internal/timers.js:497:7)","metadata":{"emulator":{"name":"functions"},"function":{"name":"api"},"message":"\u001b[90m> \u001b[39m     at processTimers (internal/timers.js:497:7)"}}
[debug] [2021-01-12T22:17:28.610Z] [worker-api-78418c76-8b0f-4737-84c2-e29ede06e6e6]: exited {"metadata":{"emulator":{"name":"functions"},"message":"[worker-api-78418c76-8b0f-4737-84c2-e29ede06e6e6]: exited"}}
[debug] [2021-01-12T22:17:28.610Z] [worker-api-78418c76-8b0f-4737-84c2-e29ede06e6e6]: FINISHED {"metadata":{"emulator":{"name":"functions"},"message":"[worker-api-78418c76-8b0f-4737-84c2-e29ede06e6e6]: FINISHED"}}
[debug] [2021-01-12T22:17:28.611Z] [work-queue] {"queueLength":0,"workRunningCount":0}
